TpTrace Verbose: 0 : 25660, 1, 2023/08/04, 20:48:23.103, 12214465959975, vstest.console.dll, Version: 17.6.0-release-20230405-08 Current process architecture: X64
TpTrace Verbose: 0 : 25660, 1, 2023/08/04, 20:48:23.106, 12214465986981, vstest.console.dll, Runtime location: C:\Program Files\dotnet\shared\Microsoft.NETCore.App\7.0.7
TpTrace Verbose: 0 : 25660, 1, 2023/08/04, 20:48:23.114, 12214466066825, vstest.console.dll, ArtifactProcessingPostProcessModeProcessorExecutor.Initialize: ArtifactProcessingMode.Collect
TpTrace Verbose: 0 : 25660, 1, 2023/08/04, 20:48:23.114, 12214466069086, vstest.console.dll, TestSessionCorrelationIdProcessorModeProcessorExecutor.Initialize: TestSessionCorrelationId '25404_c633e899-5b28-4898-abe0-9529f73d0485'
TpTrace Information: 0 : 25660, 1, 2023/08/04, 20:48:23.126, 12214466192524, vstest.console.dll, FilePatternParser: The given file C:\Users\danie\source\repos\FishingMania\Tests\FishingMania.Web.Tests\bin\Debug\net6.0\fine-code-coverage\build-output\FishingMania.Web.Tests.dll is a full path.
TpTrace Verbose: 0 : 25660, 1, 2023/08/04, 20:48:23.141, 12214466345696, vstest.console.dll, TestPluginCache.DiscoverTestExtensions: finding test extensions in assemblies ends with: RuntimeProvider.dll TPluginInfo: Microsoft.VisualStudio.TestPlatform.Common.ExtensionFramework.Utilities.TestRuntimePluginInformation TExtension: Microsoft.VisualStudio.TestPlatform.ObjectModel.Host.ITestRuntimeProvider
TpTrace Verbose: 0 : 25660, 1, 2023/08/04, 20:48:23.142, 12214466351791, vstest.console.dll, TestPluginCache.GetExtensionPaths: Filtered extension paths: 
TpTrace Verbose: 0 : 25660, 1, 2023/08/04, 20:48:23.142, 12214466353439, vstest.console.dll, TestPluginCache.GetExtensionPaths: Added default extension paths: C:\Program Files\dotnet\sdk\7.0.304\Extensions\Microsoft.Diagnostics.NETCore.Client.dll
C:\Program Files\dotnet\sdk\7.0.304\Extensions\Microsoft.TestPlatform.Extensions.BlameDataCollector.dll
C:\Program Files\dotnet\sdk\7.0.304\Extensions\Microsoft.TestPlatform.Extensions.EventLogCollector.dll
C:\Program Files\dotnet\sdk\7.0.304\Extensions\Microsoft.TestPlatform.TestHostRuntimeProvider.dll
C:\Program Files\dotnet\sdk\7.0.304\Extensions\Microsoft.VisualStudio.TestPlatform.Extensions.Html.TestLogger.dll
C:\Program Files\dotnet\sdk\7.0.304\Extensions\Microsoft.VisualStudio.TestPlatform.Extensions.Trx.TestLogger.dll
TpTrace Verbose: 0 : 25660, 1, 2023/08/04, 20:48:23.142, 12214466354059, vstest.console.dll, TestPluginCache.GetExtensionPaths: Added unfilterableExtensionPaths: 
TpTrace Information: 0 : 25660, 1, 2023/08/04, 20:48:23.143, 12214466364313, vstest.console.dll, AssemblyResolver.ctor: Creating AssemblyResolver with searchDirectories C:\Program Files\dotnet\sdk\7.0.304\Extensions,C:\Program Files\dotnet\sdk\7.0.304
TpTrace Verbose: 0 : 25660, 1, 2023/08/04, 20:48:23.148, 12214466415067, vstest.console.dll, TestPluginCache.DiscoverTestExtensions: Discovering the extensions using extension path.
TpTrace Verbose: 0 : 25660, 1, 2023/08/04, 20:48:23.149, 12214466417258, vstest.console.dll, TestPluginCache.GetExtensionPaths: Filtered extension paths: 
TpTrace Verbose: 0 : 25660, 1, 2023/08/04, 20:48:23.149, 12214466417962, vstest.console.dll, TestPluginCache.GetExtensionPaths: Added default extension paths: C:\Program Files\dotnet\sdk\7.0.304\Extensions\Microsoft.Diagnostics.NETCore.Client.dll
C:\Program Files\dotnet\sdk\7.0.304\Extensions\Microsoft.TestPlatform.Extensions.BlameDataCollector.dll
C:\Program Files\dotnet\sdk\7.0.304\Extensions\Microsoft.TestPlatform.Extensions.EventLogCollector.dll
C:\Program Files\dotnet\sdk\7.0.304\Extensions\Microsoft.TestPlatform.TestHostRuntimeProvider.dll
C:\Program Files\dotnet\sdk\7.0.304\Extensions\Microsoft.VisualStudio.TestPlatform.Extensions.Html.TestLogger.dll
C:\Program Files\dotnet\sdk\7.0.304\Extensions\Microsoft.VisualStudio.TestPlatform.Extensions.Trx.TestLogger.dll
TpTrace Verbose: 0 : 25660, 1, 2023/08/04, 20:48:23.149, 12214466418428, vstest.console.dll, TestPluginCache.GetExtensionPaths: Added unfilterableExtensionPaths: 
TpTrace Verbose: 0 : 25660, 1, 2023/08/04, 20:48:23.149, 12214466420556, vstest.console.dll, TestPluginCache.DiscoverTestExtensions: Discovering the extensions using allExtensionPaths: C:\Program Files\dotnet\sdk\7.0.304\Extensions\Microsoft.Diagnostics.NETCore.Client.dll
C:\Program Files\dotnet\sdk\7.0.304\Extensions\Microsoft.TestPlatform.Extensions.BlameDataCollector.dll
C:\Program Files\dotnet\sdk\7.0.304\Extensions\Microsoft.TestPlatform.Extensions.EventLogCollector.dll
C:\Program Files\dotnet\sdk\7.0.304\Extensions\Microsoft.TestPlatform.TestHostRuntimeProvider.dll
C:\Program Files\dotnet\sdk\7.0.304\Extensions\Microsoft.VisualStudio.TestPlatform.Extensions.Html.TestLogger.dll
C:\Program Files\dotnet\sdk\7.0.304\Extensions\Microsoft.VisualStudio.TestPlatform.Extensions.Trx.TestLogger.dll
TpTrace Information: 0 : 25660, 1, 2023/08/04, 20:48:23.149, 12214466422644, vstest.console.dll, AssemblyResolver.AddSearchDirectories: Adding more searchDirectories C:\Program Files\dotnet\sdk\7.0.304\Extensions,C:\Program Files\dotnet\sdk\7.0.304
TpTrace Information: 0 : 25660, 1, 2023/08/04, 20:48:23.149, 12214466423844, vstest.console.dll, AssemblyResolver.AddSearchDirectories: Adding more searchDirectories C:\Program Files\dotnet\sdk\7.0.304\Extensions,C:\Program Files\dotnet\sdk\7.0.304
TpTrace Information: 0 : 25660, 1, 2023/08/04, 20:48:23.149, 12214466424457, vstest.console.dll, AssemblyResolver.AddSearchDirectories: Adding more searchDirectories C:\Program Files\dotnet\sdk\7.0.304\Extensions,C:\Program Files\dotnet\sdk\7.0.304
TpTrace Information: 0 : 25660, 1, 2023/08/04, 20:48:23.149, 12214466424931, vstest.console.dll, AssemblyResolver.AddSearchDirectories: Adding more searchDirectories C:\Program Files\dotnet\sdk\7.0.304\Extensions,C:\Program Files\dotnet\sdk\7.0.304
TpTrace Information: 0 : 25660, 1, 2023/08/04, 20:48:23.149, 12214466425450, vstest.console.dll, AssemblyResolver.AddSearchDirectories: Adding more searchDirectories C:\Program Files\dotnet\sdk\7.0.304\Extensions,C:\Program Files\dotnet\sdk\7.0.304
TpTrace Information: 0 : 25660, 1, 2023/08/04, 20:48:23.150, 12214466425893, vstest.console.dll, AssemblyResolver.AddSearchDirectories: Adding more searchDirectories C:\Program Files\dotnet\sdk\7.0.304\Extensions,C:\Program Files\dotnet\sdk\7.0.304
TpTrace Information: 0 : 25660, 1, 2023/08/04, 20:48:23.150, 12214466432045, vstest.console.dll, AssemblyResolver.OnResolve: Microsoft.Diagnostics.NETCore.Client: Resolving assembly.
TpTrace Information: 0 : 25660, 1, 2023/08/04, 20:48:23.150, 12214466433381, vstest.console.dll, AssemblyResolver.OnResolve: Microsoft.Diagnostics.NETCore.Client: Searching in: 'C:\Program Files\dotnet\sdk\7.0.304\Extensions'.
TpTrace Information: 0 : 25660, 1, 2023/08/04, 20:48:23.163, 12214466559050, vstest.console.dll, AssemblyResolver.OnResolve: Microsoft.Diagnostics.NETCore.Client: Loading assembly 'C:\Program Files\dotnet\sdk\7.0.304\Extensions\Microsoft.Diagnostics.NETCore.Client.dll'.
TpTrace Information: 0 : 25660, 1, 2023/08/04, 20:48:23.167, 12214466599387, vstest.console.dll, AssemblyResolver.OnResolve: Resolved assembly: Microsoft.Diagnostics.NETCore.Client, from path: C:\Program Files\dotnet\sdk\7.0.304\Extensions\Microsoft.Diagnostics.NETCore.Client.dll
TpTrace Verbose: 0 : 25660, 1, 2023/08/04, 20:48:23.169, 12214466616898, vstest.console.dll, MetadataReaderExtensionsHelper: Discovering extensions inside assembly 'Microsoft.Diagnostics.NETCore.Client, Version=0.2.6.42401, Culture=neutral, PublicKeyToken=31bf3856ad364e35' file path 'C:\Program Files\dotnet\sdk\7.0.304\Extensions\Microsoft.Diagnostics.NETCore.Client.dll'
TpTrace Information: 0 : 25660, 1, 2023/08/04, 20:48:23.176, 12214466691986, vstest.console.dll, AssemblyResolver.OnResolve: Microsoft.Bcl.AsyncInterfaces: Resolving assembly.
TpTrace Information: 0 : 25660, 1, 2023/08/04, 20:48:23.176, 12214466693545, vstest.console.dll, AssemblyResolver.OnResolve: Microsoft.Bcl.AsyncInterfaces: Searching in: 'C:\Program Files\dotnet\sdk\7.0.304\Extensions'.
TpTrace Information: 0 : 25660, 1, 2023/08/04, 20:48:23.176, 12214466694925, vstest.console.dll, AssemblyResolver.OnResolve: Microsoft.Bcl.AsyncInterfaces: Assembly path does not exist: 'C:\Program Files\dotnet\sdk\7.0.304\Extensions\Microsoft.Bcl.AsyncInterfaces.dll', returning.
TpTrace Information: 0 : 25660, 1, 2023/08/04, 20:48:23.177, 12214466697085, vstest.console.dll, AssemblyResolver.OnResolve: Microsoft.Bcl.AsyncInterfaces: Assembly path does not exist: 'C:\Program Files\dotnet\sdk\7.0.304\Extensions\Microsoft.Bcl.AsyncInterfaces.exe', returning.
TpTrace Information: 0 : 25660, 1, 2023/08/04, 20:48:23.177, 12214466697990, vstest.console.dll, AssemblyResolver.OnResolve: Microsoft.Bcl.AsyncInterfaces: Searching in: 'C:\Program Files\dotnet\sdk\7.0.304'.
TpTrace Information: 0 : 25660, 1, 2023/08/04, 20:48:23.177, 12214466699059, vstest.console.dll, AssemblyResolver.OnResolve: Microsoft.Bcl.AsyncInterfaces: Assembly path does not exist: 'C:\Program Files\dotnet\sdk\7.0.304\Microsoft.Bcl.AsyncInterfaces.dll', returning.
TpTrace Information: 0 : 25660, 1, 2023/08/04, 20:48:23.177, 12214466700312, vstest.console.dll, AssemblyResolver.OnResolve: Microsoft.Bcl.AsyncInterfaces: Assembly path does not exist: 'C:\Program Files\dotnet\sdk\7.0.304\Microsoft.Bcl.AsyncInterfaces.exe', returning.
TpTrace Information: 0 : 25660, 1, 2023/08/04, 20:48:23.177, 12214466700927, vstest.console.dll, AssemblyResolver.OnResolve: Microsoft.Bcl.AsyncInterfaces: Failed to load assembly.
TpTrace Verbose: 0 : 25660, 1, 2023/08/04, 20:48:23.177, 12214466701492, vstest.console.dll, CurrentDomainAssemblyResolve: Resolving assembly 'Microsoft.Bcl.AsyncInterfaces'.
TpTrace Information: 0 : 25660, 1, 2023/08/04, 20:48:23.177, 12214466702345, vstest.console.dll, AssemblyResolver.OnResolve: Microsoft.Bcl.AsyncInterfaces: Resolving assembly.
TpTrace Information: 0 : 25660, 1, 2023/08/04, 20:48:23.177, 12214466702985, vstest.console.dll, AssemblyResolver.OnResolve: Microsoft.Bcl.AsyncInterfaces: Resolved from cache.
TpTrace Verbose: 0 : 25660, 1, 2023/08/04, 20:48:23.177, 12214466704104, vstest.console.dll, CurrentDomainAssemblyResolve: Resolving assembly 'Microsoft.Bcl.AsyncInterfaces'.
TpTrace Verbose: 0 : 25660, 1, 2023/08/04, 20:48:23.177, 12214466704998, vstest.console.dll, CurrentDomainAssemblyResolve: Failed to resolve assembly 'Microsoft.Bcl.AsyncInterfaces'.
TpTrace Verbose: 0 : 25660, 1, 2023/08/04, 20:48:23.179, 12214466723222, vstest.console.dll, CurrentDomainAssemblyResolve: Failed to resolve assembly 'Microsoft.Bcl.AsyncInterfaces'.
TpTrace Warning: 0 : 25660, 1, 2023/08/04, 20:48:23.197, 12214466902220, vstest.console.dll, TestPluginDiscoverer: Failed to get types from assembly 'Microsoft.Diagnostics.NETCore.Client, Version=0.2.6.42401, Culture=neutral, PublicKeyToken=31bf3856ad364e35'. Error: System.Reflection.ReflectionTypeLoadException: Unable to load one or more of the requested types.
Could not load file or assembly 'Microsoft.Bcl.AsyncInterfaces, Version=1.0.0.0, Culture=neutral, PublicKeyToken=cc7b13ffcd2ddd51'. The system cannot find the file specified.
   at System.Reflection.RuntimeModule.GetTypes(RuntimeModule module)
   at System.Reflection.Assembly.GetTypes()
   at Microsoft.VisualStudio.TestPlatform.Common.ExtensionFramework.TestPluginDiscoverer.GetTestExtensionsFromAssembly[TPluginInfo,TExtension](Assembly assembly, Dictionary`2 pluginInfos, String filePath)
System.IO.FileNotFoundException: Could not load file or assembly 'Microsoft.Bcl.AsyncInterfaces, Version=1.0.0.0, Culture=neutral, PublicKeyToken=cc7b13ffcd2ddd51'. The system cannot find the file specified.
File name: 'Microsoft.Bcl.AsyncInterfaces, Version=1.0.0.0, Culture=neutral, PublicKeyToken=cc7b13ffcd2ddd51'
 ---> System.IO.FileNotFoundException: Could not load file or assembly 'Microsoft.Bcl.AsyncInterfaces, Culture=neutral, PublicKeyToken=null'. The system cannot find the file specified.
File name: 'Microsoft.Bcl.AsyncInterfaces, Culture=neutral, PublicKeyToken=null'
   at System.Reflection.RuntimeAssembly.InternalLoad(AssemblyName assemblyName, StackCrawlMark& stackMark, AssemblyLoadContext assemblyLoadContext, RuntimeAssembly requestingAssembly, Boolean throwOnFileNotFound)
   at System.Reflection.Assembly.Load(AssemblyName assemblyRef)
   at Microsoft.VisualStudio.TestPlatform.Common.ExtensionFramework.TestPluginCache.CurrentDomainAssemblyResolve(Object sender, AssemblyResolveEventArgs args)
   at System.Runtime.Loader.AssemblyLoadContext.GetFirstResolvedAssemblyFromResolvingEvent(AssemblyName assemblyName)
   at System.Runtime.Loader.AssemblyLoadContext.ResolveUsingEvent(AssemblyName assemblyName)
   at System.Runtime.Loader.AssemblyLoadContext.ResolveUsingResolvingEvent(IntPtr gchManagedAssemblyLoadContext, AssemblyName assemblyName)
TpTrace Warning: 0 : 25660, 1, 2023/08/04, 20:48:23.198, 12214466911772, vstest.console.dll, LoaderExceptions: System.IO.FileNotFoundException: Could not load file or assembly 'Microsoft.Bcl.AsyncInterfaces, Version=1.0.0.0, Culture=neutral, PublicKeyToken=cc7b13ffcd2ddd51'. The system cannot find the file specified.
File name: 'Microsoft.Bcl.AsyncInterfaces, Version=1.0.0.0, Culture=neutral, PublicKeyToken=cc7b13ffcd2ddd51'
 ---> System.IO.FileNotFoundException: Could not load file or assembly 'Microsoft.Bcl.AsyncInterfaces, Culture=neutral, PublicKeyToken=null'. The system cannot find the file specified.
File name: 'Microsoft.Bcl.AsyncInterfaces, Culture=neutral, PublicKeyToken=null'
   at System.Reflection.RuntimeAssembly.InternalLoad(AssemblyName assemblyName, StackCrawlMark& stackMark, AssemblyLoadContext assemblyLoadContext, RuntimeAssembly requestingAssembly, Boolean throwOnFileNotFound)
   at System.Reflection.Assembly.Load(AssemblyName assemblyRef)
   at Microsoft.VisualStudio.TestPlatform.Common.ExtensionFramework.TestPluginCache.CurrentDomainAssemblyResolve(Object sender, AssemblyResolveEventArgs args)
   at System.Runtime.Loader.AssemblyLoadContext.GetFirstResolvedAssemblyFromResolvingEvent(AssemblyName assemblyName)
   at System.Runtime.Loader.AssemblyLoadContext.ResolveUsingEvent(AssemblyName assemblyName)
   at System.Runtime.Loader.AssemblyLoadContext.ResolveUsingResolvingEvent(IntPtr gchManagedAssemblyLoadContext, AssemblyName assemblyName)
TpTrace Information: 0 : 25660, 1, 2023/08/04, 20:48:23.199, 12214466916021, vstest.console.dll, AssemblyResolver.OnResolve: Microsoft.TestPlatform.Extensions.BlameDataCollector: Resolving assembly.
TpTrace Information: 0 : 25660, 1, 2023/08/04, 20:48:23.199, 12214466917249, vstest.console.dll, AssemblyResolver.OnResolve: Microsoft.TestPlatform.Extensions.BlameDataCollector: Searching in: 'C:\Program Files\dotnet\sdk\7.0.304\Extensions'.
TpTrace Information: 0 : 25660, 1, 2023/08/04, 20:48:23.200, 12214466926816, vstest.console.dll, AssemblyResolver.OnResolve: Microsoft.TestPlatform.Extensions.BlameDataCollector: Loading assembly 'C:\Program Files\dotnet\sdk\7.0.304\Extensions\Microsoft.TestPlatform.Extensions.BlameDataCollector.dll'.
TpTrace Information: 0 : 25660, 1, 2023/08/04, 20:48:23.204, 12214466968086, vstest.console.dll, AssemblyResolver.OnResolve: Resolved assembly: Microsoft.TestPlatform.Extensions.BlameDataCollector, from path: C:\Program Files\dotnet\sdk\7.0.304\Extensions\Microsoft.TestPlatform.Extensions.BlameDataCollector.dll
TpTrace Verbose: 0 : 25660, 1, 2023/08/04, 20:48:23.204, 12214466969841, vstest.console.dll, MetadataReaderExtensionsHelper: Discovering extensions inside assembly 'Microsoft.TestPlatform.Extensions.BlameDataCollector, Version=15.0.0.0, Culture=neutral, PublicKeyToken=b03f5f7f11d50a3a' file path 'C:\Program Files\dotnet\sdk\7.0.304\Extensions\Microsoft.TestPlatform.Extensions.BlameDataCollector.dll'
TpTrace Information: 0 : 25660, 1, 2023/08/04, 20:48:23.206, 12214466994661, vstest.console.dll, AssemblyResolver.OnResolve: Microsoft.TestPlatform.Extensions.EventLogCollector: Resolving assembly.
TpTrace Information: 0 : 25660, 1, 2023/08/04, 20:48:23.207, 12214466995706, vstest.console.dll, AssemblyResolver.OnResolve: Microsoft.TestPlatform.Extensions.EventLogCollector: Searching in: 'C:\Program Files\dotnet\sdk\7.0.304\Extensions'.
TpTrace Information: 0 : 25660, 1, 2023/08/04, 20:48:23.207, 12214467001382, vstest.console.dll, AssemblyResolver.OnResolve: Microsoft.TestPlatform.Extensions.EventLogCollector: Loading assembly 'C:\Program Files\dotnet\sdk\7.0.304\Extensions\Microsoft.TestPlatform.Extensions.EventLogCollector.dll'.
TpTrace Information: 0 : 25660, 1, 2023/08/04, 20:48:23.211, 12214467040593, vstest.console.dll, AssemblyResolver.OnResolve: Resolved assembly: Microsoft.TestPlatform.Extensions.EventLogCollector, from path: C:\Program Files\dotnet\sdk\7.0.304\Extensions\Microsoft.TestPlatform.Extensions.EventLogCollector.dll
TpTrace Verbose: 0 : 25660, 1, 2023/08/04, 20:48:23.211, 12214467042339, vstest.console.dll, MetadataReaderExtensionsHelper: Discovering extensions inside assembly 'Microsoft.TestPlatform.Extensions.EventLogCollector, Version=15.0.0.0, Culture=neutral, PublicKeyToken=b03f5f7f11d50a3a' file path 'C:\Program Files\dotnet\sdk\7.0.304\Extensions\Microsoft.TestPlatform.Extensions.EventLogCollector.dll'
TpTrace Information: 0 : 25660, 1, 2023/08/04, 20:48:23.221, 12214467143429, vstest.console.dll, AssemblyResolver.OnResolve: Microsoft.TestPlatform.TestHostRuntimeProvider: Resolving assembly.
TpTrace Information: 0 : 25660, 1, 2023/08/04, 20:48:23.221, 12214467144864, vstest.console.dll, AssemblyResolver.OnResolve: Microsoft.TestPlatform.TestHostRuntimeProvider: Searching in: 'C:\Program Files\dotnet\sdk\7.0.304\Extensions'.
TpTrace Information: 0 : 25660, 1, 2023/08/04, 20:48:23.222, 12214467150833, vstest.console.dll, AssemblyResolver.OnResolve: Microsoft.TestPlatform.TestHostRuntimeProvider: Loading assembly 'C:\Program Files\dotnet\sdk\7.0.304\Extensions\Microsoft.TestPlatform.TestHostRuntimeProvider.dll'.
TpTrace Information: 0 : 25660, 1, 2023/08/04, 20:48:23.226, 12214467189541, vstest.console.dll, AssemblyResolver.OnResolve: Resolved assembly: Microsoft.TestPlatform.TestHostRuntimeProvider, from path: C:\Program Files\dotnet\sdk\7.0.304\Extensions\Microsoft.TestPlatform.TestHostRuntimeProvider.dll
TpTrace Verbose: 0 : 25660, 1, 2023/08/04, 20:48:23.226, 12214467191146, vstest.console.dll, MetadataReaderExtensionsHelper: Discovering extensions inside assembly 'Microsoft.TestPlatform.TestHostRuntimeProvider, Version=15.0.0.0, Culture=neutral, PublicKeyToken=b03f5f7f11d50a3a' file path 'C:\Program Files\dotnet\sdk\7.0.304\Extensions\Microsoft.TestPlatform.TestHostRuntimeProvider.dll'
TpTrace Information: 0 : 25660, 1, 2023/08/04, 20:48:23.229, 12214467218952, vstest.console.dll, GetTestExtensionFromType: Register extension with identifier data 'HostProvider://DefaultTestHost' and type 'Microsoft.VisualStudio.TestPlatform.CrossPlatEngine.Hosting.DefaultTestHostManager, Microsoft.TestPlatform.TestHostRuntimeProvider, Version=15.0.0.0, Culture=neutral, PublicKeyToken=b03f5f7f11d50a3a' inside file 'C:\Program Files\dotnet\sdk\7.0.304\Extensions\Microsoft.TestPlatform.TestHostRuntimeProvider.dll'
TpTrace Information: 0 : 25660, 1, 2023/08/04, 20:48:23.229, 12214467222949, vstest.console.dll, GetTestExtensionFromType: Register extension with identifier data 'HostProvider://DotnetTestHost' and type 'Microsoft.VisualStudio.TestPlatform.CrossPlatEngine.Hosting.DotnetTestHostManager, Microsoft.TestPlatform.TestHostRuntimeProvider, Version=15.0.0.0, Culture=neutral, PublicKeyToken=b03f5f7f11d50a3a' inside file 'C:\Program Files\dotnet\sdk\7.0.304\Extensions\Microsoft.TestPlatform.TestHostRuntimeProvider.dll'
TpTrace Information: 0 : 25660, 1, 2023/08/04, 20:48:23.229, 12214467224271, vstest.console.dll, AssemblyResolver.OnResolve: Microsoft.VisualStudio.TestPlatform.Extensions.Html.TestLogger: Resolving assembly.
TpTrace Information: 0 : 25660, 1, 2023/08/04, 20:48:23.229, 12214467224937, vstest.console.dll, AssemblyResolver.OnResolve: Microsoft.VisualStudio.TestPlatform.Extensions.Html.TestLogger: Searching in: 'C:\Program Files\dotnet\sdk\7.0.304\Extensions'.
TpTrace Information: 0 : 25660, 1, 2023/08/04, 20:48:23.230, 12214467230485, vstest.console.dll, AssemblyResolver.OnResolve: Microsoft.VisualStudio.TestPlatform.Extensions.Html.TestLogger: Loading assembly 'C:\Program Files\dotnet\sdk\7.0.304\Extensions\Microsoft.VisualStudio.TestPlatform.Extensions.Html.TestLogger.dll'.
TpTrace Information: 0 : 25660, 1, 2023/08/04, 20:48:23.233, 12214467264582, vstest.console.dll, AssemblyResolver.OnResolve: Resolved assembly: Microsoft.VisualStudio.TestPlatform.Extensions.Html.TestLogger, from path: C:\Program Files\dotnet\sdk\7.0.304\Extensions\Microsoft.VisualStudio.TestPlatform.Extensions.Html.TestLogger.dll
TpTrace Verbose: 0 : 25660, 1, 2023/08/04, 20:48:23.234, 12214467266070, vstest.console.dll, MetadataReaderExtensionsHelper: Discovering extensions inside assembly 'Microsoft.VisualStudio.TestPlatform.Extensions.Html.TestLogger, Version=15.0.0.0, Culture=neutral, PublicKeyToken=b03f5f7f11d50a3a' file path 'C:\Program Files\dotnet\sdk\7.0.304\Extensions\Microsoft.VisualStudio.TestPlatform.Extensions.Html.TestLogger.dll'
TpTrace Information: 0 : 25660, 1, 2023/08/04, 20:48:23.235, 12214467283184, vstest.console.dll, AssemblyResolver.OnResolve: Microsoft.VisualStudio.TestPlatform.Extensions.Trx.TestLogger: Resolving assembly.
TpTrace Information: 0 : 25660, 1, 2023/08/04, 20:48:23.235, 12214467284321, vstest.console.dll, AssemblyResolver.OnResolve: Microsoft.VisualStudio.TestPlatform.Extensions.Trx.TestLogger: Searching in: 'C:\Program Files\dotnet\sdk\7.0.304\Extensions'.
TpTrace Information: 0 : 25660, 1, 2023/08/04, 20:48:23.236, 12214467290232, vstest.console.dll, AssemblyResolver.OnResolve: Microsoft.VisualStudio.TestPlatform.Extensions.Trx.TestLogger: Loading assembly 'C:\Program Files\dotnet\sdk\7.0.304\Extensions\Microsoft.VisualStudio.TestPlatform.Extensions.Trx.TestLogger.dll'.
TpTrace Information: 0 : 25660, 1, 2023/08/04, 20:48:23.240, 12214467329143, vstest.console.dll, AssemblyResolver.OnResolve: Resolved assembly: Microsoft.VisualStudio.TestPlatform.Extensions.Trx.TestLogger, from path: C:\Program Files\dotnet\sdk\7.0.304\Extensions\Microsoft.VisualStudio.TestPlatform.Extensions.Trx.TestLogger.dll
TpTrace Verbose: 0 : 25660, 1, 2023/08/04, 20:48:23.240, 12214467330621, vstest.console.dll, MetadataReaderExtensionsHelper: Discovering extensions inside assembly 'Microsoft.VisualStudio.TestPlatform.Extensions.Trx.TestLogger, Version=15.0.0.0, Culture=neutral, PublicKeyToken=b03f5f7f11d50a3a' file path 'C:\Program Files\dotnet\sdk\7.0.304\Extensions\Microsoft.VisualStudio.TestPlatform.Extensions.Trx.TestLogger.dll'
TpTrace Verbose: 0 : 25660, 1, 2023/08/04, 20:48:23.242, 12214467349530, vstest.console.dll, TestPluginCache: Discovered the extensions using extension path ''.
TpTrace Verbose: 0 : 25660, 1, 2023/08/04, 20:48:23.242, 12214467350636, vstest.console.dll, TestPluginCache: Discoverers are ''.
TpTrace Verbose: 0 : 25660, 1, 2023/08/04, 20:48:23.242, 12214467351110, vstest.console.dll, TestPluginCache: Executors are ''.
TpTrace Verbose: 0 : 25660, 1, 2023/08/04, 20:48:23.242, 12214467351865, vstest.console.dll, TestPluginCache: Executors2 are ''.
TpTrace Verbose: 0 : 25660, 1, 2023/08/04, 20:48:23.242, 12214467352232, vstest.console.dll, TestPluginCache: Setting providers are ''.
TpTrace Verbose: 0 : 25660, 1, 2023/08/04, 20:48:23.242, 12214467352589, vstest.console.dll, TestPluginCache: Loggers are ''.
TpTrace Verbose: 0 : 25660, 1, 2023/08/04, 20:48:23.242, 12214467354720, vstest.console.dll, TestPluginCache: TestHosts are 'HostProvider://DefaultTestHost,HostProvider://DotnetTestHost'.
TpTrace Verbose: 0 : 25660, 1, 2023/08/04, 20:48:23.242, 12214467355447, vstest.console.dll, TestPluginCache: DataCollectors are ''.
TpTrace Information: 0 : 25660, 1, 2023/08/04, 20:48:23.268, 12214467608765, vstest.console.dll, RunTestsArgumentProcessor:Execute: Test run is starting.
TpTrace Verbose: 0 : 25660, 1, 2023/08/04, 20:48:23.268, 12214467610151, vstest.console.dll, RunTestsArgumentProcessor:Execute: Queuing Test run.
TpTrace Information: 0 : 25660, 1, 2023/08/04, 20:48:23.268, 12214467613761, vstest.console.dll, TestRequestManager.RunTests: run tests started.
TpTrace Information: 0 : 25660, 1, 2023/08/04, 20:48:23.270, 12214467634564, vstest.console.dll, AssemblyMetadataProvider.GetFrameworkName: Determined framework:'.NETCoreApp,Version=v6.0' for source: 'C:\Users\danie\source\repos\FishingMania\Tests\FishingMania.Web.Tests\bin\Debug\net6.0\fine-code-coverage\build-output\FishingMania.Web.Tests.dll'
TpTrace Information: 0 : 25660, 1, 2023/08/04, 20:48:23.271, 12214467637589, vstest.console.dll, Determined framework for all sources: .NETCoreApp,Version=v6.0
TpTrace Verbose: 0 : 25660, 1, 2023/08/04, 20:48:23.271, 12214467643745, vstest.console.dll, TestRequestManager.UpdateRunSettingsIfRequired: Default architecture: X64 IsDefaultTargetArchitecture: True, Current process architecture: X64 OperatingSystem: Windows.
TpTrace Information: 0 : 25660, 1, 2023/08/04, 20:48:23.275, 12214467678170, vstest.console.dll, AssemblyMetadataProvider.GetArchitecture: Determined architecture:AnyCPU info for assembly: C:\Users\danie\source\repos\FishingMania\Tests\FishingMania.Web.Tests\bin\Debug\net6.0\fine-code-coverage\build-output\FishingMania.Web.Tests.dll
TpTrace Information: 0 : 25660, 1, 2023/08/04, 20:48:23.275, 12214467679571, vstest.console.dll, Determined platform for source 'C:\Users\danie\source\repos\FishingMania\Tests\FishingMania.Web.Tests\bin\Debug\net6.0\fine-code-coverage\build-output\FishingMania.Web.Tests.dll' was AnyCPU and it will use the default plaform X64.
TpTrace Information: 0 : 25660, 1, 2023/08/04, 20:48:23.275, 12214467680169, vstest.console.dll, None of the sources provided any runnable platform, using the default platform: X64
TpTrace Information: 0 : 25660, 1, 2023/08/04, 20:48:23.275, 12214467681727, vstest.console.dll, Platform was updated to 'X64'.
TpTrace Information: 0 : 25660, 1, 2023/08/04, 20:48:23.281, 12214467738594, vstest.console.dll, InferRunSettingsHelper.IsTestSettingsEnabled: Unable to navigate to RunSettings/MSTest. Current node: RunSettings
TpTrace Information: 0 : 25660, 1, 2023/08/04, 20:48:23.282, 12214467750566, vstest.console.dll, AssemblyResolver.OnResolve: Microsoft.VisualStudio.TestPlatform.Fakes: Resolving assembly.
TpTrace Information: 0 : 25660, 1, 2023/08/04, 20:48:23.282, 12214467752092, vstest.console.dll, AssemblyResolver.OnResolve: Microsoft.VisualStudio.TestPlatform.Fakes: Searching in: 'C:\Program Files\dotnet\sdk\7.0.304\Extensions'.
TpTrace Information: 0 : 25660, 1, 2023/08/04, 20:48:23.282, 12214467753945, vstest.console.dll, AssemblyResolver.OnResolve: Microsoft.VisualStudio.TestPlatform.Fakes: Assembly path does not exist: 'C:\Program Files\dotnet\sdk\7.0.304\Extensions\Microsoft.VisualStudio.TestPlatform.Fakes.dll', returning.
TpTrace Information: 0 : 25660, 1, 2023/08/04, 20:48:23.282, 12214467755428, vstest.console.dll, AssemblyResolver.OnResolve: Microsoft.VisualStudio.TestPlatform.Fakes: Assembly path does not exist: 'C:\Program Files\dotnet\sdk\7.0.304\Extensions\Microsoft.VisualStudio.TestPlatform.Fakes.exe', returning.
TpTrace Information: 0 : 25660, 1, 2023/08/04, 20:48:23.283, 12214467756018, vstest.console.dll, AssemblyResolver.OnResolve: Microsoft.VisualStudio.TestPlatform.Fakes: Searching in: 'C:\Program Files\dotnet\sdk\7.0.304'.
TpTrace Information: 0 : 25660, 1, 2023/08/04, 20:48:23.283, 12214467757104, vstest.console.dll, AssemblyResolver.OnResolve: Microsoft.VisualStudio.TestPlatform.Fakes: Assembly path does not exist: 'C:\Program Files\dotnet\sdk\7.0.304\Microsoft.VisualStudio.TestPlatform.Fakes.dll', returning.
TpTrace Information: 0 : 25660, 1, 2023/08/04, 20:48:23.283, 12214467758291, vstest.console.dll, AssemblyResolver.OnResolve: Microsoft.VisualStudio.TestPlatform.Fakes: Assembly path does not exist: 'C:\Program Files\dotnet\sdk\7.0.304\Microsoft.VisualStudio.TestPlatform.Fakes.exe', returning.
TpTrace Information: 0 : 25660, 1, 2023/08/04, 20:48:23.283, 12214467758854, vstest.console.dll, AssemblyResolver.OnResolve: Microsoft.VisualStudio.TestPlatform.Fakes: Failed to load assembly.
TpTrace Information: 0 : 25660, 1, 2023/08/04, 20:48:23.283, 12214467762612, vstest.console.dll, Failed to load assembly Microsoft.VisualStudio.TestPlatform.Fakes, Version=17.0.0.0, Culture=neutral. Reason:System.IO.FileNotFoundException: Could not load file or assembly 'Microsoft.VisualStudio.TestPlatform.Fakes, Version=17.0.0.0, Culture=neutral, PublicKeyToken=null'. The system cannot find the file specified.
File name: 'Microsoft.VisualStudio.TestPlatform.Fakes, Version=17.0.0.0, Culture=neutral, PublicKeyToken=null'
   at System.Reflection.RuntimeAssembly.InternalLoad(AssemblyName assemblyName, StackCrawlMark& stackMark, AssemblyLoadContext assemblyLoadContext, RuntimeAssembly requestingAssembly, Boolean throwOnFileNotFound)
   at System.Reflection.Assembly.Load(AssemblyName assemblyRef)
   at Microsoft.VisualStudio.TestPlatform.Common.Utilities.FakesUtilities.LoadTestPlatformAssembly()
TpTrace Verbose: 0 : 25660, 1, 2023/08/04, 20:48:23.289, 12214467817685, vstest.console.dll, TestPluginCache.DiscoverTestExtensions: finding test extensions in assemblies ends with: TestLogger.dll TPluginInfo: Microsoft.VisualStudio.TestPlatform.Common.ExtensionFramework.Utilities.TestLoggerPluginInformation TExtension: Microsoft.VisualStudio.TestPlatform.ObjectModel.Client.ITestLogger
TpTrace Verbose: 0 : 25660, 1, 2023/08/04, 20:48:23.289, 12214467819153, vstest.console.dll, TestPluginCache.GetExtensionPaths: Filtered extension paths: 
TpTrace Verbose: 0 : 25660, 1, 2023/08/04, 20:48:23.289, 12214467819773, vstest.console.dll, TestPluginCache.GetExtensionPaths: Added default extension paths: C:\Program Files\dotnet\sdk\7.0.304\Extensions\Microsoft.Diagnostics.NETCore.Client.dll
C:\Program Files\dotnet\sdk\7.0.304\Extensions\Microsoft.TestPlatform.Extensions.BlameDataCollector.dll
C:\Program Files\dotnet\sdk\7.0.304\Extensions\Microsoft.TestPlatform.Extensions.EventLogCollector.dll
C:\Program Files\dotnet\sdk\7.0.304\Extensions\Microsoft.TestPlatform.TestHostRuntimeProvider.dll
C:\Program Files\dotnet\sdk\7.0.304\Extensions\Microsoft.VisualStudio.TestPlatform.Extensions.Html.TestLogger.dll
C:\Program Files\dotnet\sdk\7.0.304\Extensions\Microsoft.VisualStudio.TestPlatform.Extensions.Trx.TestLogger.dll
TpTrace Verbose: 0 : 25660, 1, 2023/08/04, 20:48:23.289, 12214467820292, vstest.console.dll, TestPluginCache.GetExtensionPaths: Added unfilterableExtensionPaths: 
TpTrace Information: 0 : 25660, 1, 2023/08/04, 20:48:23.289, 12214467822249, vstest.console.dll, AssemblyResolver.AddSearchDirectories: Adding more searchDirectories C:\Program Files\dotnet\sdk\7.0.304\Extensions,C:\Program Files\dotnet\sdk\7.0.304
TpTrace Verbose: 0 : 25660, 1, 2023/08/04, 20:48:23.289, 12214467823052, vstest.console.dll, TestPluginCache.DiscoverTestExtensions: Discovering the extensions using extension path.
TpTrace Verbose: 0 : 25660, 1, 2023/08/04, 20:48:23.289, 12214467823589, vstest.console.dll, TestPluginCache.GetExtensionPaths: Filtered extension paths: 
TpTrace Verbose: 0 : 25660, 1, 2023/08/04, 20:48:23.289, 12214467824109, vstest.console.dll, TestPluginCache.GetExtensionPaths: Added default extension paths: C:\Program Files\dotnet\sdk\7.0.304\Extensions\Microsoft.Diagnostics.NETCore.Client.dll
C:\Program Files\dotnet\sdk\7.0.304\Extensions\Microsoft.TestPlatform.Extensions.BlameDataCollector.dll
C:\Program Files\dotnet\sdk\7.0.304\Extensions\Microsoft.TestPlatform.Extensions.EventLogCollector.dll
C:\Program Files\dotnet\sdk\7.0.304\Extensions\Microsoft.TestPlatform.TestHostRuntimeProvider.dll
C:\Program Files\dotnet\sdk\7.0.304\Extensions\Microsoft.VisualStudio.TestPlatform.Extensions.Html.TestLogger.dll
C:\Program Files\dotnet\sdk\7.0.304\Extensions\Microsoft.VisualStudio.TestPlatform.Extensions.Trx.TestLogger.dll
TpTrace Verbose: 0 : 25660, 1, 2023/08/04, 20:48:23.289, 12214467824532, vstest.console.dll, TestPluginCache.GetExtensionPaths: Added unfilterableExtensionPaths: 
TpTrace Verbose: 0 : 25660, 1, 2023/08/04, 20:48:23.289, 12214467825013, vstest.console.dll, TestPluginCache.DiscoverTestExtensions: Discovering the extensions using allExtensionPaths: C:\Program Files\dotnet\sdk\7.0.304\Extensions\Microsoft.Diagnostics.NETCore.Client.dll
C:\Program Files\dotnet\sdk\7.0.304\Extensions\Microsoft.TestPlatform.Extensions.BlameDataCollector.dll
C:\Program Files\dotnet\sdk\7.0.304\Extensions\Microsoft.TestPlatform.Extensions.EventLogCollector.dll
C:\Program Files\dotnet\sdk\7.0.304\Extensions\Microsoft.TestPlatform.TestHostRuntimeProvider.dll
C:\Program Files\dotnet\sdk\7.0.304\Extensions\Microsoft.VisualStudio.TestPlatform.Extensions.Html.TestLogger.dll
C:\Program Files\dotnet\sdk\7.0.304\Extensions\Microsoft.VisualStudio.TestPlatform.Extensions.Trx.TestLogger.dll
TpTrace Information: 0 : 25660, 1, 2023/08/04, 20:48:23.290, 12214467826405, vstest.console.dll, AssemblyResolver.AddSearchDirectories: Adding more searchDirectories C:\Program Files\dotnet\sdk\7.0.304\Extensions,C:\Program Files\dotnet\sdk\7.0.304
TpTrace Information: 0 : 25660, 1, 2023/08/04, 20:48:23.290, 12214467827131, vstest.console.dll, AssemblyResolver.AddSearchDirectories: Adding more searchDirectories C:\Program Files\dotnet\sdk\7.0.304\Extensions,C:\Program Files\dotnet\sdk\7.0.304
TpTrace Information: 0 : 25660, 1, 2023/08/04, 20:48:23.290, 12214467827609, vstest.console.dll, AssemblyResolver.AddSearchDirectories: Adding more searchDirectories C:\Program Files\dotnet\sdk\7.0.304\Extensions,C:\Program Files\dotnet\sdk\7.0.304
TpTrace Information: 0 : 25660, 1, 2023/08/04, 20:48:23.290, 12214467828046, vstest.console.dll, AssemblyResolver.AddSearchDirectories: Adding more searchDirectories C:\Program Files\dotnet\sdk\7.0.304\Extensions,C:\Program Files\dotnet\sdk\7.0.304
TpTrace Information: 0 : 25660, 1, 2023/08/04, 20:48:23.290, 12214467828525, vstest.console.dll, AssemblyResolver.AddSearchDirectories: Adding more searchDirectories C:\Program Files\dotnet\sdk\7.0.304\Extensions,C:\Program Files\dotnet\sdk\7.0.304
TpTrace Information: 0 : 25660, 1, 2023/08/04, 20:48:23.290, 12214467828960, vstest.console.dll, AssemblyResolver.AddSearchDirectories: Adding more searchDirectories C:\Program Files\dotnet\sdk\7.0.304\Extensions,C:\Program Files\dotnet\sdk\7.0.304
TpTrace Verbose: 0 : 25660, 1, 2023/08/04, 20:48:23.290, 12214467830502, vstest.console.dll, MetadataReaderExtensionsHelper: Discovering extensions inside assembly 'Microsoft.Diagnostics.NETCore.Client, Version=0.2.6.42401, Culture=neutral, PublicKeyToken=31bf3856ad364e35' file path 'C:\Program Files\dotnet\sdk\7.0.304\Extensions\Microsoft.Diagnostics.NETCore.Client.dll'
TpTrace Information: 0 : 25660, 1, 2023/08/04, 20:48:23.291, 12214467842691, vstest.console.dll, AssemblyResolver.OnResolve: Microsoft.Bcl.AsyncInterfaces: Resolving assembly.
TpTrace Information: 0 : 25660, 1, 2023/08/04, 20:48:23.291, 12214467843638, vstest.console.dll, AssemblyResolver.OnResolve: Microsoft.Bcl.AsyncInterfaces: Resolved from cache.
TpTrace Verbose: 0 : 25660, 1, 2023/08/04, 20:48:23.291, 12214467844113, vstest.console.dll, CurrentDomainAssemblyResolve: Resolving assembly 'Microsoft.Bcl.AsyncInterfaces'.
TpTrace Information: 0 : 25660, 1, 2023/08/04, 20:48:23.291, 12214467844760, vstest.console.dll, AssemblyResolver.OnResolve: Microsoft.Bcl.AsyncInterfaces: Resolving assembly.
TpTrace Information: 0 : 25660, 1, 2023/08/04, 20:48:23.291, 12214467845212, vstest.console.dll, AssemblyResolver.OnResolve: Microsoft.Bcl.AsyncInterfaces: Resolved from cache.
TpTrace Verbose: 0 : 25660, 1, 2023/08/04, 20:48:23.292, 12214467845664, vstest.console.dll, CurrentDomainAssemblyResolve: Resolving assembly 'Microsoft.Bcl.AsyncInterfaces'.
TpTrace Verbose: 0 : 25660, 1, 2023/08/04, 20:48:23.292, 12214467846153, vstest.console.dll, CurrentDomainAssemblyResolve: Failed to resolve assembly 'Microsoft.Bcl.AsyncInterfaces'.
TpTrace Verbose: 0 : 25660, 1, 2023/08/04, 20:48:23.292, 12214467849366, vstest.console.dll, CurrentDomainAssemblyResolve: Failed to resolve assembly 'Microsoft.Bcl.AsyncInterfaces'.
TpTrace Warning: 0 : 25660, 1, 2023/08/04, 20:48:23.292, 12214467854437, vstest.console.dll, TestPluginDiscoverer: Failed to get types from assembly 'Microsoft.Diagnostics.NETCore.Client, Version=0.2.6.42401, Culture=neutral, PublicKeyToken=31bf3856ad364e35'. Error: System.Reflection.ReflectionTypeLoadException: Unable to load one or more of the requested types.
Could not load file or assembly 'Microsoft.Bcl.AsyncInterfaces, Version=1.0.0.0, Culture=neutral, PublicKeyToken=cc7b13ffcd2ddd51'. The system cannot find the file specified.
   at System.Reflection.RuntimeModule.GetTypes(RuntimeModule module)
   at System.Reflection.Assembly.GetTypes()
   at Microsoft.VisualStudio.TestPlatform.Common.ExtensionFramework.TestPluginDiscoverer.GetTestExtensionsFromAssembly[TPluginInfo,TExtension](Assembly assembly, Dictionary`2 pluginInfos, String filePath)
System.IO.FileNotFoundException: Could not load file or assembly 'Microsoft.Bcl.AsyncInterfaces, Version=1.0.0.0, Culture=neutral, PublicKeyToken=cc7b13ffcd2ddd51'. The system cannot find the file specified.
File name: 'Microsoft.Bcl.AsyncInterfaces, Version=1.0.0.0, Culture=neutral, PublicKeyToken=cc7b13ffcd2ddd51'
 ---> System.IO.FileNotFoundException: Could not load file or assembly 'Microsoft.Bcl.AsyncInterfaces, Culture=neutral, PublicKeyToken=null'. The system cannot find the file specified.
File name: 'Microsoft.Bcl.AsyncInterfaces, Culture=neutral, PublicKeyToken=null'
   at System.Reflection.RuntimeAssembly.InternalLoad(AssemblyName assemblyName, StackCrawlMark& stackMark, AssemblyLoadContext assemblyLoadContext, RuntimeAssembly requestingAssembly, Boolean throwOnFileNotFound)
   at System.Reflection.Assembly.Load(AssemblyName assemblyRef)
   at Microsoft.VisualStudio.TestPlatform.Common.ExtensionFramework.TestPluginCache.CurrentDomainAssemblyResolve(Object sender, AssemblyResolveEventArgs args)
   at System.Runtime.Loader.AssemblyLoadContext.GetFirstResolvedAssemblyFromResolvingEvent(AssemblyName assemblyName)
   at System.Runtime.Loader.AssemblyLoadContext.ResolveUsingEvent(AssemblyName assemblyName)
   at System.Runtime.Loader.AssemblyLoadContext.ResolveUsingResolvingEvent(IntPtr gchManagedAssemblyLoadContext, AssemblyName assemblyName)
TpTrace Warning: 0 : 25660, 1, 2023/08/04, 20:48:23.293, 12214467856750, vstest.console.dll, LoaderExceptions: System.IO.FileNotFoundException: Could not load file or assembly 'Microsoft.Bcl.AsyncInterfaces, Version=1.0.0.0, Culture=neutral, PublicKeyToken=cc7b13ffcd2ddd51'. The system cannot find the file specified.
File name: 'Microsoft.Bcl.AsyncInterfaces, Version=1.0.0.0, Culture=neutral, PublicKeyToken=cc7b13ffcd2ddd51'
 ---> System.IO.FileNotFoundException: Could not load file or assembly 'Microsoft.Bcl.AsyncInterfaces, Culture=neutral, PublicKeyToken=null'. The system cannot find the file specified.
File name: 'Microsoft.Bcl.AsyncInterfaces, Culture=neutral, PublicKeyToken=null'
   at System.Reflection.RuntimeAssembly.InternalLoad(AssemblyName assemblyName, StackCrawlMark& stackMark, AssemblyLoadContext assemblyLoadContext, RuntimeAssembly requestingAssembly, Boolean throwOnFileNotFound)
   at System.Reflection.Assembly.Load(AssemblyName assemblyRef)
   at Microsoft.VisualStudio.TestPlatform.Common.ExtensionFramework.TestPluginCache.CurrentDomainAssemblyResolve(Object sender, AssemblyResolveEventArgs args)
   at System.Runtime.Loader.AssemblyLoadContext.GetFirstResolvedAssemblyFromResolvingEvent(AssemblyName assemblyName)
   at System.Runtime.Loader.AssemblyLoadContext.ResolveUsingEvent(AssemblyName assemblyName)
   at System.Runtime.Loader.AssemblyLoadContext.ResolveUsingResolvingEvent(IntPtr gchManagedAssemblyLoadContext, AssemblyName assemblyName)
TpTrace Verbose: 0 : 25660, 1, 2023/08/04, 20:48:23.293, 12214467858330, vstest.console.dll, MetadataReaderExtensionsHelper: Discovering extensions inside assembly 'Microsoft.TestPlatform.Extensions.BlameDataCollector, Version=15.0.0.0, Culture=neutral, PublicKeyToken=b03f5f7f11d50a3a' file path 'C:\Program Files\dotnet\sdk\7.0.304\Extensions\Microsoft.TestPlatform.Extensions.BlameDataCollector.dll'
TpTrace Information: 0 : 25660, 1, 2023/08/04, 20:48:23.294, 12214467866796, vstest.console.dll, GetTestExtensionFromType: Register extension with identifier data 'logger://Microsoft/TestPlatform/Extensions/Blame/v1' and type 'Microsoft.TestPlatform.Extensions.BlameDataCollector.BlameLogger, Microsoft.TestPlatform.Extensions.BlameDataCollector, Version=15.0.0.0, Culture=neutral, PublicKeyToken=b03f5f7f11d50a3a' inside file 'C:\Program Files\dotnet\sdk\7.0.304\Extensions\Microsoft.TestPlatform.Extensions.BlameDataCollector.dll'
TpTrace Verbose: 0 : 25660, 1, 2023/08/04, 20:48:23.294, 12214467867932, vstest.console.dll, MetadataReaderExtensionsHelper: Discovering extensions inside assembly 'Microsoft.TestPlatform.Extensions.EventLogCollector, Version=15.0.0.0, Culture=neutral, PublicKeyToken=b03f5f7f11d50a3a' file path 'C:\Program Files\dotnet\sdk\7.0.304\Extensions\Microsoft.TestPlatform.Extensions.EventLogCollector.dll'
TpTrace Verbose: 0 : 25660, 1, 2023/08/04, 20:48:23.294, 12214467874258, vstest.console.dll, MetadataReaderExtensionsHelper: Discovering extensions inside assembly 'Microsoft.TestPlatform.TestHostRuntimeProvider, Version=15.0.0.0, Culture=neutral, PublicKeyToken=b03f5f7f11d50a3a' file path 'C:\Program Files\dotnet\sdk\7.0.304\Extensions\Microsoft.TestPlatform.TestHostRuntimeProvider.dll'
TpTrace Verbose: 0 : 25660, 1, 2023/08/04, 20:48:23.295, 12214467880615, vstest.console.dll, MetadataReaderExtensionsHelper: Discovering extensions inside assembly 'Microsoft.VisualStudio.TestPlatform.Extensions.Html.TestLogger, Version=15.0.0.0, Culture=neutral, PublicKeyToken=b03f5f7f11d50a3a' file path 'C:\Program Files\dotnet\sdk\7.0.304\Extensions\Microsoft.VisualStudio.TestPlatform.Extensions.Html.TestLogger.dll'
TpTrace Information: 0 : 25660, 1, 2023/08/04, 20:48:23.296, 12214467889412, vstest.console.dll, GetTestExtensionFromType: Register extension with identifier data 'logger://Microsoft/TestPlatform/HtmlLogger/v1' and type 'Microsoft.VisualStudio.TestPlatform.Extensions.HtmlLogger.HtmlLogger, Microsoft.VisualStudio.TestPlatform.Extensions.Html.TestLogger, Version=15.0.0.0, Culture=neutral, PublicKeyToken=b03f5f7f11d50a3a' inside file 'C:\Program Files\dotnet\sdk\7.0.304\Extensions\Microsoft.VisualStudio.TestPlatform.Extensions.Html.TestLogger.dll'
TpTrace Verbose: 0 : 25660, 1, 2023/08/04, 20:48:23.296, 12214467890531, vstest.console.dll, MetadataReaderExtensionsHelper: Discovering extensions inside assembly 'Microsoft.VisualStudio.TestPlatform.Extensions.Trx.TestLogger, Version=15.0.0.0, Culture=neutral, PublicKeyToken=b03f5f7f11d50a3a' file path 'C:\Program Files\dotnet\sdk\7.0.304\Extensions\Microsoft.VisualStudio.TestPlatform.Extensions.Trx.TestLogger.dll'
TpTrace Information: 0 : 25660, 1, 2023/08/04, 20:48:23.297, 12214467899782, vstest.console.dll, GetTestExtensionFromType: Register extension with identifier data 'logger://Microsoft/TestPlatform/TrxLogger/v1' and type 'Microsoft.VisualStudio.TestPlatform.Extensions.TrxLogger.TrxLogger, Microsoft.VisualStudio.TestPlatform.Extensions.Trx.TestLogger, Version=15.0.0.0, Culture=neutral, PublicKeyToken=b03f5f7f11d50a3a' inside file 'C:\Program Files\dotnet\sdk\7.0.304\Extensions\Microsoft.VisualStudio.TestPlatform.Extensions.Trx.TestLogger.dll'
TpTrace Verbose: 0 : 25660, 1, 2023/08/04, 20:48:23.297, 12214467901586, vstest.console.dll, TestPluginCache: Discovered the extensions using extension path ''.
TpTrace Verbose: 0 : 25660, 1, 2023/08/04, 20:48:23.297, 12214467902338, vstest.console.dll, TestPluginCache: Discoverers are ''.
TpTrace Verbose: 0 : 25660, 1, 2023/08/04, 20:48:23.297, 12214467902744, vstest.console.dll, TestPluginCache: Executors are ''.
TpTrace Verbose: 0 : 25660, 1, 2023/08/04, 20:48:23.297, 12214467903108, vstest.console.dll, TestPluginCache: Executors2 are ''.
TpTrace Verbose: 0 : 25660, 1, 2023/08/04, 20:48:23.297, 12214467903470, vstest.console.dll, TestPluginCache: Setting providers are ''.
TpTrace Verbose: 0 : 25660, 1, 2023/08/04, 20:48:23.297, 12214467904488, vstest.console.dll, TestPluginCache: Loggers are 'logger://Microsoft/TestPlatform/Extensions/Blame/v1,logger://Microsoft/TestPlatform/HtmlLogger/v1,logger://Microsoft/TestPlatform/TrxLogger/v1'.
TpTrace Verbose: 0 : 25660, 1, 2023/08/04, 20:48:23.297, 12214467905263, vstest.console.dll, TestPluginCache: TestHosts are 'HostProvider://DefaultTestHost,HostProvider://DotnetTestHost'.
TpTrace Verbose: 0 : 25660, 1, 2023/08/04, 20:48:23.298, 12214467905820, vstest.console.dll, TestPluginCache: DataCollectors are ''.
TpTrace Information: 0 : 25660, 1, 2023/08/04, 20:48:23.299, 12214467919613, vstest.console.dll, TestPluginManager.CreateTestExtension: Attempting to load test extension: Microsoft.TestPlatform.Extensions.BlameDataCollector.BlameLogger
TpTrace Verbose: 0 : 25660, 1, 2023/08/04, 20:48:23.317, 12214468098268, vstest.console.dll, TestEngine: Initializing Parallel Execution as MaxCpuCount is set to: 1
TpTrace Information: 0 : 25660, 1, 2023/08/04, 20:48:23.319, 12214468124604, vstest.console.dll, TestPluginManager.CreateTestExtension: Attempting to load test extension: Microsoft.VisualStudio.TestPlatform.CrossPlatEngine.Hosting.DefaultTestHostManager
TpTrace Information: 0 : 25660, 1, 2023/08/04, 20:48:23.321, 12214468143836, vstest.console.dll, TestPluginManager.CreateTestExtension: Attempting to load test extension: Microsoft.VisualStudio.TestPlatform.CrossPlatEngine.Hosting.DotnetTestHostManager
TpTrace Information: 0 : 25660, 1, 2023/08/04, 20:48:23.322, 12214468154096, vstest.console.dll, InferRunSettingsHelper.IsTestSettingsEnabled: Unable to navigate to RunSettings/MSTest. Current node: RunSettings
TpTrace Verbose: 0 : 25660, 1, 2023/08/04, 20:48:23.330, 12214468227059, vstest.console.dll, TestEngine.GetExecutionManager: Chosen execution manager 'Microsoft.VisualStudio.TestPlatform.CrossPlatEngine.Client.Parallel.ParallelProxyExecutionManager, Microsoft.TestPlatform.CrossPlatEngine, Version=15.0.0.0, Culture=neutral, PublicKeyToken=b03f5f7f11d50a3a' ParallelLevel '1'.
TpTrace Verbose: 0 : 25660, 1, 2023/08/04, 20:48:23.330, 12214468229402, vstest.console.dll, TestRunRequest.ExecuteAsync: Creating test run request.
TpTrace Verbose: 0 : 25660, 1, 2023/08/04, 20:48:23.330, 12214468233145, vstest.console.dll, TestRunRequest.ExecuteAsync: Starting.
TpTrace Information: 0 : 25660, 1, 2023/08/04, 20:48:23.331, 12214468237809, vstest.console.dll, TestRunRequest.ExecuteAsync: Starting run with settings:TestRunCriteria:
   KeepAlive=False,FrequencyOfRunStatsChangeEvent=10,RunStatsChangeEventTimeout=00:00:01.5000000,TestCaseFilter=,TestExecutorLauncher=
   Settingsxml=<RunSettings>
  <RunConfiguration>
    <ResultsDirectory>C:\Users\danie\source\repos\FishingMania\Tests\FishingMania.Web.Tests\bin\Debug\net6.0\fine-code-coverage\coverage-tool-output</ResultsDirectory>
    <TargetPlatform>X64</TargetPlatform>
    <TargetFrameworkVersion>.NETCoreApp,Version=v6.0</TargetFrameworkVersion>
    <DesignMode>False</DesignMode>
    <CollectSourceInformation>False</CollectSourceInformation>
  </RunConfiguration>
  <LoggerRunSettings>
    <Loggers>
      <Logger friendlyName="blame" enabled="True" />
      <Logger friendlyName="Console" uri="logger://microsoft/TestPlatform/ConsoleLogger/v1" assemblyQualifiedName="Microsoft.VisualStudio.TestPlatform.CommandLine.Internal.ConsoleLogger, vstest.console, Version=15.0.0.0, Culture=neutral, PublicKeyToken=b03f5f7f11d50a3a" codeBase="C:\Program Files\dotnet\sdk\7.0.304\vstest.console.dll" enabled="True" />
    </Loggers>
  </LoggerRunSettings>
  <DataCollectionRunSettings>
    <DataCollectors>
      <DataCollector friendlyName="blame" enabled="True">
        <Configuration>
          <ResultsDirectory>C:\Users\danie\source\repos\FishingMania\Tests\FishingMania.Web.Tests\bin\Debug\net6.0\fine-code-coverage\coverage-tool-output</ResultsDirectory>
        </Configuration>
      </DataCollector>
    </DataCollectors>
  </DataCollectionRunSettings>
</RunSettings>

TpTrace Verbose: 0 : 25660, 1, 2023/08/04, 20:48:23.331, 12214468238775, vstest.console.dll, TestRunRequest.ExecuteAsync: Wait for the first run request is over.
TpTrace Verbose: 0 : 25660, 1, 2023/08/04, 20:48:23.331, 12214468242918, vstest.console.dll, MulticastDelegateUtilities.SafeInvoke: TestRun.TestRunStart: Invoking callbacks was skipped because there are no subscribers.
TpTrace Verbose: 0 : 25660, 4, 2023/08/04, 20:48:23.332, 12214468247169, vstest.console.dll, MulticastDelegateUtilities.SafeInvoke: InternalTestLoggerEvents.SendTestRunStart: Invoking callback 1/1 for Microsoft.VisualStudio.TestPlatform.CommandLine.Internal.ConsoleLogger., took 0 ms.
TpTrace Verbose: 0 : 25660, 1, 2023/08/04, 20:48:23.333, 12214468262753, vstest.console.dll, ParallelProxyExecutionManager: Start execution. Total sources: 1
TpTrace Verbose: 0 : 25660, 1, 2023/08/04, 20:48:23.336, 12214468292653, vstest.console.dll, TestRequestSender is acting as server.
TpTrace Verbose: 0 : 25660, 1, 2023/08/04, 20:48:23.340, 12214468327198, vstest.console.dll, ParallelOperationManager.RunWorkInParallel: Started work on a host.
TpTrace Verbose: 0 : 25660, 1, 2023/08/04, 20:48:23.342, 12214468346642, vstest.console.dll, ProxyParallelExecutionManager: No sources available for execution.
TpTrace Information: 0 : 25660, 1, 2023/08/04, 20:48:23.342, 12214468347823, vstest.console.dll, TestRunRequest.ExecuteAsync: Started.
TpTrace Verbose: 0 : 25660, 1, 2023/08/04, 20:48:23.342, 12214468349310, vstest.console.dll, TestRunRequest.WaitForCompletion: Waiting with timeout -1.
TpTrace Verbose: 0 : 25660, 5, 2023/08/04, 20:48:23.342, 12214468352622, vstest.console.dll, DataCollectionRequestSender.InitializeCommunication : Initialize communication. 
TpTrace Information: 0 : 25660, 5, 2023/08/04, 20:48:23.351, 12214468444507, vstest.console.dll, Listening on Endpoint : 127.0.0.1:53401
TpTrace Verbose: 0 : 25660, 5, 2023/08/04, 20:48:23.363, 12214468562052, vstest.console.dll, DotnetDataCollectionLauncher: Adding  --runtimeconfig "C:\Program Files\dotnet\sdk\7.0.304\datacollector.runtimeconfig.json" in args
TpTrace Verbose: 0 : 25660, 5, 2023/08/04, 20:48:23.363, 12214468564186, vstest.console.dll, DotnetDataCollectionLauncher: Adding  --depsfile "C:\Program Files\dotnet\sdk\7.0.304\datacollector.deps.json" in args
TpTrace Verbose: 0 : 25660, 5, 2023/08/04, 20:48:23.364, 12214468567237, vstest.console.dll, DotnetDataCollectionLauncher: Full path of dotnet.exe is C:\Program Files\dotnet\dotnet.exe
TpTrace Information: 0 : 25660, 5, 2023/08/04, 20:48:23.376, 12214468693434, vstest.console.dll, ProxyDataCollectionManager.Initialize: Launched datacollector processId: 34516 port: 53401
TpTrace Information: 0 : 25660, 5, 2023/08/04, 20:48:23.377, 12214468695929, vstest.console.dll, ProxyDataCollectionManager.Initialize: waiting for connection with timeout: 90 seconds
TpTrace Verbose: 0 : 25660, 5, 2023/08/04, 20:48:23.377, 12214468697329, vstest.console.dll, DataCollectionRequestSender.WaitForRequestHandlerConnection : Waiting for connection with timeout: 90000
TpTrace Information: 0 : 25660, 7, 2023/08/04, 20:48:23.696, 12214471892597, vstest.console.dll, Using the buffer size of 16384 bytes
TpTrace Verbose: 0 : 25660, 5, 2023/08/04, 20:48:23.696, 12214471893417, vstest.console.dll, SocketCommunicationManager.WaitForClientConnection took: 319 ms, with 90000 ms timeout, and finished with True.
TpTrace Information: 0 : 25660, 7, 2023/08/04, 20:48:23.696, 12214471894969, vstest.console.dll, Accepted Client request and set the flag
TpTrace Verbose: 0 : 25660, 5, 2023/08/04, 20:48:23.697, 12214471897217, vstest.console.dll, ProxyDataCollectionManager.InvokeDataCollectionServiceAction: Starting.
TpTrace Information: 0 : 25660, 5, 2023/08/04, 20:48:23.697, 12214471899160, vstest.console.dll, ProxyDataCollectionManager.BeforeTestRunStart: Get environment variable and port for datacollector processId: 34516 port: 53401
TpTrace Verbose: 0 : 25660, 5, 2023/08/04, 20:48:23.697, 12214471901896, vstest.console.dll, DataCollectionRequestSender.SendBeforeTestRunStartAndGetResult: Send BeforeTestRunStart message with settingsXml <RunSettings><RunConfiguration><ResultsDirectory>C:\Users\danie\source\repos\FishingMania\Tests\FishingMania.Web.Tests\bin\Debug\net6.0\fine-code-coverage\coverage-tool-output</ResultsDirectory><TargetPlatform>X64</TargetPlatform><TargetFrameworkVersion>.NETCoreApp,Version=v6.0</TargetFrameworkVersion><DesignMode>False</DesignMode><CollectSourceInformation>False</CollectSourceInformation><TestAdaptersPaths>C:\Program Files\dotnet\sdk\7.0.304\Extensions</TestAdaptersPaths></RunConfiguration><LoggerRunSettings><Loggers><Logger friendlyName="blame" enabled="True" /><Logger friendlyName="Console" uri="logger://microsoft/TestPlatform/ConsoleLogger/v1" assemblyQualifiedName="Microsoft.VisualStudio.TestPlatform.CommandLine.Internal.ConsoleLogger, vstest.console, Version=15.0.0.0, Culture=neutral, PublicKeyToken=b03f5f7f11d50a3a" codeBase="C:\Program Files\dotnet\sdk\7.0.304\vstest.console.dll" enabled="True" /></Loggers></LoggerRunSettings><DataCollectionRunSettings><DataCollectors><DataCollector friendlyName="blame" enabled="True"><Configuration><ResultsDirectory>C:\Users\danie\source\repos\FishingMania\Tests\FishingMania.Web.Tests\bin\Debug\net6.0\fine-code-coverage\coverage-tool-output</ResultsDirectory></Configuration></DataCollector></DataCollectors></DataCollectionRunSettings></RunSettings> and sources System.Collections.Generic.List`1[System.String]: 
TpTrace Verbose: 0 : 25660, 5, 2023/08/04, 20:48:23.863, 12214473562115, vstest.console.dll, DataCollectionRequestSender.SendBeforeTestRunStartAndGetResult: Received message: (DataCollection.SendMessage) -> {"MessageType":"DataCollection.SendMessage","Payload":{"FriendlyName":null,"Uri":null,"TestCaseId":"00000000-0000-0000-0000-000000000000","Message":"Logging DataCollector Diagnostics in file: C:\\Users\\danie\\source\\repos\\FishingMania\\Tests\\FishingMania.Web.Tests\\bin\\Debug\\net6.0\\fine-code-coverage\\coverage-tool-output\\diagnostics.datacollector.23-08-04_20-48-23_36327_5.log","Level":0}}
TpTrace Verbose: 0 : 25660, 5, 2023/08/04, 20:48:24.050, 12214475430677, vstest.console.dll, DataCollectionRequestSender.SendBeforeTestRunStartAndGetResult: Received message: (DataCollection.BeforeTestRunStartResult) -> {"MessageType":"DataCollection.BeforeTestRunStartResult","Payload":{"EnvironmentVariables":{},"DataCollectionEventsPort":53403}}
TpTrace Information: 0 : 25660, 5, 2023/08/04, 20:48:24.057, 12214475505239, vstest.console.dll, ProxyDataCollectionManager.BeforeTestRunStart: SendBeforeTestRunStartAndGetResult successful, env variable from datacollector:   and testhost port: 53403
TpTrace Information: 0 : 25660, 5, 2023/08/04, 20:48:24.058, 12214475506605, vstest.console.dll, ProxyDataCollectionManager.InvokeDataCollectionServiceAction: Completed.
TpTrace Verbose: 0 : 25660, 5, 2023/08/04, 20:48:24.058, 12214475507982, vstest.console.dll, ProxyExecutionManager: Test host is always Lazy initialize.
TpTrace Verbose: 0 : 25660, 5, 2023/08/04, 20:48:24.058, 12214475512149, vstest.console.dll, TestRequestSender.InitializeCommunication: initialize communication. 
TpTrace Information: 0 : 25660, 5, 2023/08/04, 20:48:24.059, 12214475520891, vstest.console.dll, SocketServer.Start: Listening on endpoint : 127.0.0.1:53404
TpTrace Verbose: 0 : 25660, 5, 2023/08/04, 20:48:24.061, 12214475537180, vstest.console.dll, DotnetTestHostmanager.GetTestHostProcessStartInfo: Platform environment 'X64' target architecture 'X64' framework '.NETCoreApp,Version=v6.0' OS 'Windows'
TpTrace Verbose: 0 : 25660, 5, 2023/08/04, 20:48:24.061, 12214475541906, vstest.console.dll, DotnetTestHostmanager: Adding  --runtimeconfig "C:\Users\danie\source\repos\FishingMania\Tests\FishingMania.Web.Tests\bin\Debug\net6.0\fine-code-coverage\build-output\FishingMania.Web.Tests.runtimeconfig.json" in args
TpTrace Verbose: 0 : 25660, 5, 2023/08/04, 20:48:24.061, 12214475544898, vstest.console.dll, DotnetTestHostmanager: Adding  --depsfile "C:\Users\danie\source\repos\FishingMania\Tests\FishingMania.Web.Tests\bin\Debug\net6.0\fine-code-coverage\build-output\FishingMania.Web.Tests.deps.json" in args
TpTrace Verbose: 0 : 25660, 5, 2023/08/04, 20:48:24.062, 12214475548159, vstest.console.dll, DotnetTestHostmanager.IsWinOnArm: Current PROCESSOR_ARCHITECTURE from environment variable 'AMD64'
TpTrace Verbose: 0 : 25660, 5, 2023/08/04, 20:48:24.062, 12214475549471, vstest.console.dll, DotnetTestHostmanager.IsWinOnArm: Is Windows on ARM 'False'
TpTrace Verbose: 0 : 25660, 5, 2023/08/04, 20:48:24.062, 12214475551238, vstest.console.dll, DotnetTestHostManager: testhost.exe found at path: C:\Users\danie\source\repos\FishingMania\Tests\FishingMania.Web.Tests\bin\Debug\net6.0\fine-code-coverage\build-output\testhost.exe
TpTrace Verbose: 0 : 25660, 5, 2023/08/04, 20:48:24.062, 12214475552125, vstest.console.dll, DotnetTestHostmanager: Full path of host exe is C:\Users\danie\source\repos\FishingMania\Tests\FishingMania.Web.Tests\bin\Debug\net6.0\fine-code-coverage\build-output\testhost.exe
TpTrace Verbose: 0 : 25660, 5, 2023/08/04, 20:48:24.062, 12214475554227, vstest.console.dll, DotnetTestHostmanager.LaunchTestHostAsync: Found 'VSTEST_WINAPPHOST_DOTNET_ROOT' in env variables, value 'C:\Program Files\dotnet', forwarding to 'DOTNET_ROOT'
TpTrace Verbose: 0 : 25660, 5, 2023/08/04, 20:48:24.063, 12214475557095, vstest.console.dll, DotnetTestHostManager: Starting process 'C:\Users\danie\source\repos\FishingMania\Tests\FishingMania.Web.Tests\bin\Debug\net6.0\fine-code-coverage\build-output\testhost.exe' with command line ' --runtimeconfig "C:\Users\danie\source\repos\FishingMania\Tests\FishingMania.Web.Tests\bin\Debug\net6.0\fine-code-coverage\build-output\FishingMania.Web.Tests.runtimeconfig.json" --depsfile "C:\Users\danie\source\repos\FishingMania\Tests\FishingMania.Web.Tests\bin\Debug\net6.0\fine-code-coverage\build-output\FishingMania.Web.Tests.deps.json" --port 53404 --endpoint 127.0.0.1:053404 --role client --parentprocessid 25660 --diag "C:\Users\danie\source\repos\FishingMania\Tests\FishingMania.Web.Tests\bin\Debug\net6.0\fine-code-coverage\coverage-tool-output\diagnostics.host.23-08-04_20-48-24_06035_5.log" --tracelevel 4 --datacollectionport 53403 --telemetryoptedin false'
TpTrace Verbose: 0 : 25660, 5, 2023/08/04, 20:48:24.075, 12214475685693, vstest.console.dll, MulticastDelegateUtilities.SafeInvoke: HostProviderEvents.OnHostLaunched: Invoking callback 1/2 for Microsoft.VisualStudio.TestPlatform.CrossPlatEngine.Client.ProxyExecutionManagerWithDataCollection., took 2 ms.
TpTrace Verbose: 0 : 25660, 5, 2023/08/04, 20:48:24.076, 12214475690694, vstest.console.dll, Test Runtime launched
TpTrace Verbose: 0 : 25660, 5, 2023/08/04, 20:48:24.076, 12214475692171, vstest.console.dll, MulticastDelegateUtilities.SafeInvoke: HostProviderEvents.OnHostLaunched: Invoking callback 2/2 for Microsoft.VisualStudio.TestPlatform.CrossPlatEngine.Client.ProxyOperationManager., took 0 ms.
TpTrace Verbose: 0 : 25660, 5, 2023/08/04, 20:48:24.076, 12214475695292, vstest.console.dll, TestRequestSender.WaitForRequestHandlerConnection: waiting for connection with timeout: 90000.
TpTrace Verbose: 0 : 25660, 5, 2023/08/04, 20:48:24.467, 12214479597156, vstest.console.dll, TestRequestSender.WaitForRequestHandlerConnection: waiting took 390 ms, with timeout 90000 ms, and result 0, which is success.
TpTrace Verbose: 0 : 25660, 13, 2023/08/04, 20:48:24.467, 12214479597157, vstest.console.dll, MulticastDelegateUtilities.SafeInvoke: SocketServer: ClientConnected: Invoking callback 1/1 for Microsoft.VisualStudio.TestPlatform.CommunicationUtilities.TestRequestSender., took 0 ms.
TpTrace Verbose: 0 : 25660, 13, 2023/08/04, 20:48:24.467, 12214479600694, vstest.console.dll, SocketServer.OnClientConnected: Client connected for endPoint: 127.0.0.1:53404, starting MessageLoopAsync:
TpTrace Verbose: 0 : 25660, 13, 2023/08/04, 20:48:24.468, 12214479605995, vstest.console.dll, TcpClientExtensions.MessageLoopAsync: Polling on remoteEndPoint: 127.0.0.1:53405 localEndPoint: 127.0.0.1:53404
TpTrace Verbose: 0 : 25660, 5, 2023/08/04, 20:48:24.469, 12214479620610, vstest.console.dll, TestRequestSender.CheckVersionWithTestHost: Sending check version message: {"MessageType":"ProtocolVersion","Payload":7}
TpTrace Verbose: 0 : 25660, 13, 2023/08/04, 20:48:24.738, 12214482315488, vstest.console.dll, TcpClientExtensions.MessageLoopAsync: NotifyDataAvailable remoteEndPoint: 127.0.0.1:53405 localEndPoint: 127.0.0.1:53404
TpTrace Verbose: 0 : 25660, 13, 2023/08/04, 20:48:24.739, 12214482318673, vstest.console.dll, TestRequestSender.CheckVersionWithTestHost: onMessageReceived received message: (ProtocolVersion) -> {"MessageType":"ProtocolVersion","Payload":5}
TpTrace Verbose: 0 : 25660, 13, 2023/08/04, 20:48:24.740, 12214482328659, vstest.console.dll, MulticastDelegateUtilities.SafeInvoke: LengthPrefixCommunicationChannel: MessageReceived: Invoking callback 1/1 for Microsoft.VisualStudio.TestPlatform.CommunicationUtilities.TestRequestSender+<>c__DisplayClass29_0., took 1 ms.
TpTrace Verbose: 0 : 25660, 5, 2023/08/04, 20:48:24.740, 12214482330421, vstest.console.dll, TestPluginCache.GetExtensionPaths: Filtered extension paths: 
TpTrace Verbose: 0 : 25660, 13, 2023/08/04, 20:48:24.740, 12214482330616, vstest.console.dll, TcpClientExtensions.MessageLoopAsync: Polling on remoteEndPoint: 127.0.0.1:53405 localEndPoint: 127.0.0.1:53404
TpTrace Verbose: 0 : 25660, 5, 2023/08/04, 20:48:24.740, 12214482331665, vstest.console.dll, TestPluginCache.GetExtensionPaths: Added default extension paths: C:\Program Files\dotnet\sdk\7.0.304\Extensions\Microsoft.Diagnostics.NETCore.Client.dll
C:\Program Files\dotnet\sdk\7.0.304\Extensions\Microsoft.TestPlatform.Extensions.BlameDataCollector.dll
C:\Program Files\dotnet\sdk\7.0.304\Extensions\Microsoft.TestPlatform.Extensions.EventLogCollector.dll
C:\Program Files\dotnet\sdk\7.0.304\Extensions\Microsoft.TestPlatform.TestHostRuntimeProvider.dll
C:\Program Files\dotnet\sdk\7.0.304\Extensions\Microsoft.VisualStudio.TestPlatform.Extensions.Html.TestLogger.dll
C:\Program Files\dotnet\sdk\7.0.304\Extensions\Microsoft.VisualStudio.TestPlatform.Extensions.Trx.TestLogger.dll
TpTrace Verbose: 0 : 25660, 5, 2023/08/04, 20:48:24.740, 12214482333562, vstest.console.dll, TestPluginCache.GetExtensionPaths: Added unfilterableExtensionPaths: 
TpTrace Verbose: 0 : 25660, 5, 2023/08/04, 20:48:24.748, 12214482410432, vstest.console.dll, TestRequestSender.InitializeExecution: Sending initialize execution with message: {"Version":5,"MessageType":"TestExecution.Initialize","Payload":["C:\\Users\\danie\\source\\repos\\FishingMania\\Tests\\FishingMania.Web.Tests\\bin\\Debug\\net6.0\\fine-code-coverage\\build-output\\xunit.runner.visualstudio.dotnetcore.testadapter.dll"]}
TpTrace Verbose: 0 : 25660, 5, 2023/08/04, 20:48:24.748, 12214482415194, vstest.console.dll, ParallelProxyExecutionManager: Execution started. Started clients: 1
TpTrace Verbose: 0 : 25660, 5, 2023/08/04, 20:48:24.749, 12214482420147, vstest.console.dll, TestRunRequest:SendTestRunMessage: Starting.
TpTrace Verbose: 0 : 25660, 5, 2023/08/04, 20:48:24.749, 12214482423669, vstest.console.dll, MulticastDelegateUtilities.SafeInvoke: TestRun.LogMessages: Invoking callback 1/1 for Microsoft.VisualStudio.TestPlatform.CommandLine.TestRunResultAggregator., took 0 ms.
TpTrace Information: 0 : 25660, 5, 2023/08/04, 20:48:24.749, 12214482424408, vstest.console.dll, TestRunRequest:SendTestRunMessage: Completed.
TpTrace Verbose: 0 : 25660, 4, 2023/08/04, 20:48:24.750, 12214482426583, vstest.console.dll, MulticastDelegateUtilities.SafeInvoke: InternalTestLoggerEvents.SendTestRunMessage: Invoking callback 1/1 for Microsoft.VisualStudio.TestPlatform.CommandLine.Internal.ConsoleLogger., took 0 ms.
TpTrace Warning: 0 : 25660, 5, 2023/08/04, 20:48:24.750, 12214482432459, vstest.console.dll, InferRunSettingsHelper.MakeRunsettingsCompatible: Removing the following settings: TargetPlatform from RunSettings file. To use those settings please move to latest version of Microsoft.NET.Test.Sdk
TpTrace Verbose: 0 : 25660, 13, 2023/08/04, 20:48:24.757, 12214482499488, vstest.console.dll, TcpClientExtensions.MessageLoopAsync: NotifyDataAvailable remoteEndPoint: 127.0.0.1:53405 localEndPoint: 127.0.0.1:53404
TpTrace Verbose: 0 : 25660, 13, 2023/08/04, 20:48:24.757, 12214482505259, vstest.console.dll, TestRequestSender.OnExecutionMessageReceived: Received message: {"Version":5,"MessageType":"TestSession.Message","Payload":{"MessageLevel":0,"Message":"Logging TestHost Diagnostics in file: C:\\Users\\danie\\source\\repos\\FishingMania\\Tests\\FishingMania.Web.Tests\\bin\\Debug\\net6.0\\fine-code-coverage\\coverage-tool-output\\diagnostics.host.23-08-04_20-48-24_06035_5.log"}}
TpTrace Verbose: 0 : 25660, 13, 2023/08/04, 20:48:24.762, 12214482551858, vstest.console.dll, TestRunRequest:SendTestRunMessage: Starting.
TpTrace Verbose: 0 : 25660, 13, 2023/08/04, 20:48:24.762, 12214482555151, vstest.console.dll, MulticastDelegateUtilities.SafeInvoke: TestRun.LogMessages: Invoking callback 1/1 for Microsoft.VisualStudio.TestPlatform.CommandLine.TestRunResultAggregator., took 0 ms.
TpTrace Verbose: 0 : 25660, 4, 2023/08/04, 20:48:24.763, 12214482555735, vstest.console.dll, MulticastDelegateUtilities.SafeInvoke: InternalTestLoggerEvents.SendTestRunMessage: Invoking callback 1/1 for Microsoft.VisualStudio.TestPlatform.CommandLine.Internal.ConsoleLogger., took 0 ms.
TpTrace Information: 0 : 25660, 13, 2023/08/04, 20:48:24.763, 12214482556361, vstest.console.dll, TestRunRequest:SendTestRunMessage: Completed.
TpTrace Verbose: 0 : 25660, 13, 2023/08/04, 20:48:24.763, 12214482558650, vstest.console.dll, MulticastDelegateUtilities.SafeInvoke: LengthPrefixCommunicationChannel: MessageReceived: Invoking callback 1/1 for Microsoft.VisualStudio.TestPlatform.CommunicationUtilities.TestRequestSender+<>c__DisplayClass34_0., took 5 ms.
TpTrace Verbose: 0 : 25660, 13, 2023/08/04, 20:48:24.763, 12214482559589, vstest.console.dll, TcpClientExtensions.MessageLoopAsync: Polling on remoteEndPoint: 127.0.0.1:53405 localEndPoint: 127.0.0.1:53404
TpTrace Verbose: 0 : 25660, 5, 2023/08/04, 20:48:24.764, 12214482568494, vstest.console.dll, TestRequestSender.StartTestRun: Sending test run with message: {"Version":5,"MessageType":"TestExecution.StartWithSources","Payload":{"AdapterSourceMap":{"_none_":["C:\\Users\\danie\\source\\repos\\FishingMania\\Tests\\FishingMania.Web.Tests\\bin\\Debug\\net6.0\\fine-code-coverage\\build-output\\FishingMania.Web.Tests.dll"]},"RunSettings":"<RunSettings>\r\n  <RunConfiguration>\r\n    <ResultsDirectory>C:\\Users\\danie\\source\\repos\\FishingMania\\Tests\\FishingMania.Web.Tests\\bin\\Debug\\net6.0\\fine-code-coverage\\coverage-tool-output</ResultsDirectory>\r\n    <TargetFrameworkVersion>.NETCoreApp,Version=v6.0</TargetFrameworkVersion>\r\n    <DesignMode>False</DesignMode>\r\n    <CollectSourceInformation>False</CollectSourceInformation>\r\n  </RunConfiguration>\r\n  <LoggerRunSettings>\r\n    <Loggers>\r\n      <Logger friendlyName=\"blame\" enabled=\"True\" />\r\n      <Logger friendlyName=\"Console\" uri=\"logger://microsoft/TestPlatform/ConsoleLogger/v1\" assemblyQualifiedName=\"Microsoft.VisualStudio.TestPlatform.CommandLine.Internal.ConsoleLogger, vstest.console, Version=15.0.0.0, Culture=neutral, PublicKeyToken=b03f5f7f11d50a3a\" codeBase=\"C:\\Program Files\\dotnet\\sdk\\7.0.304\\vstest.console.dll\" enabled=\"True\" />\r\n    </Loggers>\r\n  </LoggerRunSettings>\r\n  <DataCollectionRunSettings>\r\n    <DataCollectors>\r\n      <DataCollector friendlyName=\"blame\" enabled=\"True\">\r\n        <Configuration>\r\n          <ResultsDirectory>C:\\Users\\danie\\source\\repos\\FishingMania\\Tests\\FishingMania.Web.Tests\\bin\\Debug\\net6.0\\fine-code-coverage\\coverage-tool-output</ResultsDirectory>\r\n        </Configuration>\r\n      </DataCollector>\r\n    </DataCollectors>\r\n  </DataCollectionRunSettings>\r\n</RunSettings>","TestExecutionContext":{"FrequencyOfRunStatsChangeEvent":10,"RunStatsChangeEventTimeout":"00:00:01.5000000","InIsolation":false,"KeepAlive":false,"AreTestCaseLevelEventsRequired":false,"IsDebug":false,"TestCaseFilter":null,"FilterOptions":null},"Package":null}}
TpTrace Verbose: 0 : 25660, 13, 2023/08/04, 20:48:25.094, 12214485872755, vstest.console.dll, TcpClientExtensions.MessageLoopAsync: NotifyDataAvailable remoteEndPoint: 127.0.0.1:53405 localEndPoint: 127.0.0.1:53404
TpTrace Verbose: 0 : 25660, 13, 2023/08/04, 20:48:25.094, 12214485875472, vstest.console.dll, TestRequestSender.OnExecutionMessageReceived: Received message: {"Version":5,"MessageType":"TestSession.Message","Payload":{"MessageLevel":0,"Message":"[xUnit.net 00:00:00.00] xUnit.net VSTest Adapter v2.4.3+1b45f5407b (64-bit .NET 6.0.18)"}}
TpTrace Verbose: 0 : 25660, 13, 2023/08/04, 20:48:25.095, 12214485880048, vstest.console.dll, TestRunRequest:SendTestRunMessage: Starting.
TpTrace Verbose: 0 : 25660, 13, 2023/08/04, 20:48:25.095, 12214485881131, vstest.console.dll, MulticastDelegateUtilities.SafeInvoke: TestRun.LogMessages: Invoking callback 1/1 for Microsoft.VisualStudio.TestPlatform.CommandLine.TestRunResultAggregator., took 0 ms.
TpTrace Information: 0 : 25660, 13, 2023/08/04, 20:48:25.095, 12214485881601, vstest.console.dll, TestRunRequest:SendTestRunMessage: Completed.
TpTrace Verbose: 0 : 25660, 4, 2023/08/04, 20:48:25.095, 12214485881783, vstest.console.dll, MulticastDelegateUtilities.SafeInvoke: InternalTestLoggerEvents.SendTestRunMessage: Invoking callback 1/1 for Microsoft.VisualStudio.TestPlatform.CommandLine.Internal.ConsoleLogger., took 0 ms.
TpTrace Verbose: 0 : 25660, 13, 2023/08/04, 20:48:25.095, 12214485881982, vstest.console.dll, MulticastDelegateUtilities.SafeInvoke: LengthPrefixCommunicationChannel: MessageReceived: Invoking callback 1/1 for Microsoft.VisualStudio.TestPlatform.CommunicationUtilities.TestRequestSender+<>c__DisplayClass34_0., took 0 ms.
TpTrace Verbose: 0 : 25660, 13, 2023/08/04, 20:48:25.095, 12214485883788, vstest.console.dll, TcpClientExtensions.MessageLoopAsync: Polling on remoteEndPoint: 127.0.0.1:53405 localEndPoint: 127.0.0.1:53404
TpTrace Verbose: 0 : 25660, 13, 2023/08/04, 20:48:26.102, 12214495948883, vstest.console.dll, TcpClientExtensions.MessageLoopAsync: Polling on remoteEndPoint: 127.0.0.1:53405 localEndPoint: 127.0.0.1:53404
TpTrace Verbose: 0 : 25660, 13, 2023/08/04, 20:48:27.107, 12214505995922, vstest.console.dll, TcpClientExtensions.MessageLoopAsync: Polling on remoteEndPoint: 127.0.0.1:53405 localEndPoint: 127.0.0.1:53404
TpTrace Verbose: 0 : 25660, 13, 2023/08/04, 20:48:28.121, 12214516141681, vstest.console.dll, TcpClientExtensions.MessageLoopAsync: Polling on remoteEndPoint: 127.0.0.1:53405 localEndPoint: 127.0.0.1:53404
TpTrace Verbose: 0 : 25660, 13, 2023/08/04, 20:48:29.124, 12214526170767, vstest.console.dll, TcpClientExtensions.MessageLoopAsync: Polling on remoteEndPoint: 127.0.0.1:53405 localEndPoint: 127.0.0.1:53404
TpTrace Verbose: 0 : 25660, 13, 2023/08/04, 20:48:30.128, 12214536209226, vstest.console.dll, TcpClientExtensions.MessageLoopAsync: Polling on remoteEndPoint: 127.0.0.1:53405 localEndPoint: 127.0.0.1:53404
TpTrace Verbose: 0 : 25660, 13, 2023/08/04, 20:48:31.131, 12214546244948, vstest.console.dll, TcpClientExtensions.MessageLoopAsync: Polling on remoteEndPoint: 127.0.0.1:53405 localEndPoint: 127.0.0.1:53404
TpTrace Verbose: 0 : 25660, 13, 2023/08/04, 20:48:32.147, 12214556401068, vstest.console.dll, TcpClientExtensions.MessageLoopAsync: Polling on remoteEndPoint: 127.0.0.1:53405 localEndPoint: 127.0.0.1:53404
TpTrace Verbose: 0 : 25660, 13, 2023/08/04, 20:48:32.233, 12214557257808, vstest.console.dll, TcpClientExtensions.MessageLoopAsync: NotifyDataAvailable remoteEndPoint: 127.0.0.1:53405 localEndPoint: 127.0.0.1:53404
TpTrace Verbose: 0 : 25660, 13, 2023/08/04, 20:48:32.233, 12214557261923, vstest.console.dll, TestRequestSender.OnExecutionMessageReceived: Received message: {"Version":5,"MessageType":"TestSession.Message","Payload":{"MessageLevel":0,"Message":"[xUnit.net 00:00:07.15]   Discovering: FishingMania.Web.Tests"}}
TpTrace Verbose: 0 : 25660, 13, 2023/08/04, 20:48:32.233, 12214557264326, vstest.console.dll, TestRunRequest:SendTestRunMessage: Starting.
TpTrace Verbose: 0 : 25660, 13, 2023/08/04, 20:48:32.234, 12214557265900, vstest.console.dll, MulticastDelegateUtilities.SafeInvoke: TestRun.LogMessages: Invoking callback 1/1 for Microsoft.VisualStudio.TestPlatform.CommandLine.TestRunResultAggregator., took 0 ms.
TpTrace Verbose: 0 : 25660, 4, 2023/08/04, 20:48:32.234, 12214557266426, vstest.console.dll, MulticastDelegateUtilities.SafeInvoke: InternalTestLoggerEvents.SendTestRunMessage: Invoking callback 1/1 for Microsoft.VisualStudio.TestPlatform.CommandLine.Internal.ConsoleLogger., took 0 ms.
TpTrace Information: 0 : 25660, 13, 2023/08/04, 20:48:32.234, 12214557266876, vstest.console.dll, TestRunRequest:SendTestRunMessage: Completed.
TpTrace Verbose: 0 : 25660, 13, 2023/08/04, 20:48:32.234, 12214557269629, vstest.console.dll, MulticastDelegateUtilities.SafeInvoke: LengthPrefixCommunicationChannel: MessageReceived: Invoking callback 1/1 for Microsoft.VisualStudio.TestPlatform.CommunicationUtilities.TestRequestSender+<>c__DisplayClass34_0., took 0 ms.
TpTrace Verbose: 0 : 25660, 13, 2023/08/04, 20:48:32.234, 12214557270657, vstest.console.dll, TcpClientExtensions.MessageLoopAsync: Polling on remoteEndPoint: 127.0.0.1:53405 localEndPoint: 127.0.0.1:53404
TpTrace Verbose: 0 : 25660, 13, 2023/08/04, 20:48:32.303, 12214557962260, vstest.console.dll, TcpClientExtensions.MessageLoopAsync: NotifyDataAvailable remoteEndPoint: 127.0.0.1:53405 localEndPoint: 127.0.0.1:53404
TpTrace Verbose: 0 : 25660, 13, 2023/08/04, 20:48:32.303, 12214557964779, vstest.console.dll, TestRequestSender.OnExecutionMessageReceived: Received message: {"Version":5,"MessageType":"TestSession.Message","Payload":{"MessageLevel":0,"Message":"[xUnit.net 00:00:07.22]   Discovered:  FishingMania.Web.Tests"}}
TpTrace Verbose: 0 : 25660, 13, 2023/08/04, 20:48:32.304, 12214557966873, vstest.console.dll, TestRunRequest:SendTestRunMessage: Starting.
TpTrace Verbose: 0 : 25660, 13, 2023/08/04, 20:48:32.304, 12214557967975, vstest.console.dll, MulticastDelegateUtilities.SafeInvoke: TestRun.LogMessages: Invoking callback 1/1 for Microsoft.VisualStudio.TestPlatform.CommandLine.TestRunResultAggregator., took 0 ms.
TpTrace Verbose: 0 : 25660, 4, 2023/08/04, 20:48:32.304, 12214557968291, vstest.console.dll, MulticastDelegateUtilities.SafeInvoke: InternalTestLoggerEvents.SendTestRunMessage: Invoking callback 1/1 for Microsoft.VisualStudio.TestPlatform.CommandLine.Internal.ConsoleLogger., took 0 ms.
TpTrace Information: 0 : 25660, 13, 2023/08/04, 20:48:32.304, 12214557969414, vstest.console.dll, TestRunRequest:SendTestRunMessage: Completed.
TpTrace Verbose: 0 : 25660, 13, 2023/08/04, 20:48:32.304, 12214557970330, vstest.console.dll, MulticastDelegateUtilities.SafeInvoke: LengthPrefixCommunicationChannel: MessageReceived: Invoking callback 1/1 for Microsoft.VisualStudio.TestPlatform.CommunicationUtilities.TestRequestSender+<>c__DisplayClass34_0., took 0 ms.
TpTrace Verbose: 0 : 25660, 13, 2023/08/04, 20:48:32.304, 12214557970962, vstest.console.dll, TcpClientExtensions.MessageLoopAsync: Polling on remoteEndPoint: 127.0.0.1:53405 localEndPoint: 127.0.0.1:53404
TpTrace Verbose: 0 : 25660, 13, 2023/08/04, 20:48:32.308, 12214558008187, vstest.console.dll, TcpClientExtensions.MessageLoopAsync: NotifyDataAvailable remoteEndPoint: 127.0.0.1:53405 localEndPoint: 127.0.0.1:53404
TpTrace Verbose: 0 : 25660, 13, 2023/08/04, 20:48:32.308, 12214558009690, vstest.console.dll, TestRequestSender.OnExecutionMessageReceived: Received message: {"Version":5,"MessageType":"TestSession.Message","Payload":{"MessageLevel":0,"Message":"[xUnit.net 00:00:07.22]   Starting:    FishingMania.Web.Tests"}}
TpTrace Verbose: 0 : 25660, 13, 2023/08/04, 20:48:32.308, 12214558011287, vstest.console.dll, TestRunRequest:SendTestRunMessage: Starting.
TpTrace Verbose: 0 : 25660, 13, 2023/08/04, 20:48:32.308, 12214558012372, vstest.console.dll, MulticastDelegateUtilities.SafeInvoke: TestRun.LogMessages: Invoking callback 1/1 for Microsoft.VisualStudio.TestPlatform.CommandLine.TestRunResultAggregator., took 0 ms.
TpTrace Verbose: 0 : 25660, 4, 2023/08/04, 20:48:32.308, 12214558012765, vstest.console.dll, MulticastDelegateUtilities.SafeInvoke: InternalTestLoggerEvents.SendTestRunMessage: Invoking callback 1/1 for Microsoft.VisualStudio.TestPlatform.CommandLine.Internal.ConsoleLogger., took 0 ms.
TpTrace Information: 0 : 25660, 13, 2023/08/04, 20:48:32.308, 12214558013228, vstest.console.dll, TestRunRequest:SendTestRunMessage: Completed.
TpTrace Verbose: 0 : 25660, 13, 2023/08/04, 20:48:32.309, 12214558018502, vstest.console.dll, MulticastDelegateUtilities.SafeInvoke: LengthPrefixCommunicationChannel: MessageReceived: Invoking callback 1/1 for Microsoft.VisualStudio.TestPlatform.CommunicationUtilities.TestRequestSender+<>c__DisplayClass34_0., took 0 ms.
TpTrace Verbose: 0 : 25660, 13, 2023/08/04, 20:48:32.309, 12214558019245, vstest.console.dll, TcpClientExtensions.MessageLoopAsync: Polling on remoteEndPoint: 127.0.0.1:53405 localEndPoint: 127.0.0.1:53404
TpTrace Verbose: 0 : 25660, 13, 2023/08/04, 20:48:32.464, 12214559565856, vstest.console.dll, TcpClientExtensions.MessageLoopAsync: NotifyDataAvailable remoteEndPoint: 127.0.0.1:53405 localEndPoint: 127.0.0.1:53404
TpTrace Verbose: 0 : 25660, 13, 2023/08/04, 20:48:32.464, 12214559569212, vstest.console.dll, TestRequestSender.OnExecutionMessageReceived: Received message: {"Version":5,"MessageType":"TestExecution.StatsChange","Payload":{"NewTestResults":[],"TestRunStatistics":{"ExecutedTests":0,"Stats":{}},"ActiveTests":[{"Id":"1273f71e-359e-196b-456b-b6b1c0762860","FullyQualifiedName":"FishingMania.Web.Tests.WebTests.AccountManagePageRequiresAuthorization","DisplayName":"FishingMania.Web.Tests.WebTests.AccountManagePageRequiresAuthorization","ExecutorUri":"executor://xunit/VsTestRunner2/netcoreapp","Source":"C:\\Users\\danie\\source\\repos\\FishingMania\\Tests\\FishingMania.Web.Tests\\bin\\Debug\\net6.0\\fine-code-coverage\\build-output\\FishingMania.Web.Tests.dll","CodeFilePath":null,"LineNumber":0,"Properties":[]}]}}
TpTrace Verbose: 0 : 25660, 13, 2023/08/04, 20:48:32.486, 12214559789045, vstest.console.dll, TestRunRequest:SendTestRunStatsChange: Starting.
TpTrace Verbose: 0 : 25660, 13, 2023/08/04, 20:48:32.486, 12214559792834, vstest.console.dll, InProgress is FishingMania.Web.Tests.WebTests.AccountManagePageRequiresAuthorization
TpTrace Verbose: 0 : 25660, 13, 2023/08/04, 20:48:32.486, 12214559795556, vstest.console.dll, MulticastDelegateUtilities.SafeInvoke: TestRun.RunStatsChanged: Invoking callbacks was skipped because there are no subscribers.
TpTrace Information: 0 : 25660, 13, 2023/08/04, 20:48:32.487, 12214559796454, vstest.console.dll, TestRunRequest:SendTestRunStatsChange: Completed.
TpTrace Verbose: 0 : 25660, 13, 2023/08/04, 20:48:32.487, 12214559797161, vstest.console.dll, MulticastDelegateUtilities.SafeInvoke: LengthPrefixCommunicationChannel: MessageReceived: Invoking callback 1/1 for Microsoft.VisualStudio.TestPlatform.CommunicationUtilities.TestRequestSender+<>c__DisplayClass34_0., took 22 ms.
TpTrace Verbose: 0 : 25660, 13, 2023/08/04, 20:48:32.487, 12214559797859, vstest.console.dll, TcpClientExtensions.MessageLoopAsync: Polling on remoteEndPoint: 127.0.0.1:53405 localEndPoint: 127.0.0.1:53404
TpTrace Verbose: 0 : 25660, 13, 2023/08/04, 20:48:32.501, 12214559941623, vstest.console.dll, TcpClientExtensions.MessageLoopAsync: NotifyDataAvailable remoteEndPoint: 127.0.0.1:53405 localEndPoint: 127.0.0.1:53404
TpTrace Verbose: 0 : 25660, 13, 2023/08/04, 20:48:32.501, 12214559943946, vstest.console.dll, TestRequestSender.OnExecutionMessageReceived: Received message: {"Version":5,"MessageType":"TestSession.Message","Payload":{"MessageLevel":1,"Message":"[xUnit.net 00:00:07.42]     FishingMania.Web.Tests.WebTests.AccountManagePageRequiresAuthorization [SKIP]"}}
TpTrace Verbose: 0 : 25660, 13, 2023/08/04, 20:48:32.502, 12214559946136, vstest.console.dll, TestRunRequest:SendTestRunMessage: Starting.
TpTrace Verbose: 0 : 25660, 13, 2023/08/04, 20:48:32.502, 12214559947877, vstest.console.dll, MulticastDelegateUtilities.SafeInvoke: TestRun.LogMessages: Invoking callback 1/1 for Microsoft.VisualStudio.TestPlatform.CommandLine.TestRunResultAggregator., took 0 ms.
TpTrace Information: 0 : 25660, 13, 2023/08/04, 20:48:32.502, 12214559948956, vstest.console.dll, TestRunRequest:SendTestRunMessage: Completed.
TpTrace Verbose: 0 : 25660, 13, 2023/08/04, 20:48:32.502, 12214559949862, vstest.console.dll, MulticastDelegateUtilities.SafeInvoke: LengthPrefixCommunicationChannel: MessageReceived: Invoking callback 1/1 for Microsoft.VisualStudio.TestPlatform.CommunicationUtilities.TestRequestSender+<>c__DisplayClass34_0., took 0 ms.
TpTrace Verbose: 0 : 25660, 13, 2023/08/04, 20:48:32.502, 12214559950615, vstest.console.dll, TcpClientExtensions.MessageLoopAsync: Polling on remoteEndPoint: 127.0.0.1:53405 localEndPoint: 127.0.0.1:53404
TpTrace Verbose: 0 : 25660, 4, 2023/08/04, 20:48:32.502, 12214559950862, vstest.console.dll, MulticastDelegateUtilities.SafeInvoke: InternalTestLoggerEvents.SendTestRunMessage: Invoking callback 1/1 for Microsoft.VisualStudio.TestPlatform.CommandLine.Internal.ConsoleLogger., took 0 ms.
TpTrace Verbose: 0 : 25660, 13, 2023/08/04, 20:48:32.502, 12214559951560, vstest.console.dll, TcpClientExtensions.MessageLoopAsync: NotifyDataAvailable remoteEndPoint: 127.0.0.1:53405 localEndPoint: 127.0.0.1:53404
TpTrace Verbose: 0 : 25660, 13, 2023/08/04, 20:48:32.502, 12214559954603, vstest.console.dll, TestRequestSender.OnExecutionMessageReceived: Received message: {"Version":5,"MessageType":"TestSession.Message","Payload":{"MessageLevel":0,"Message":"[xUnit.net 00:00:07.42]       Example test. Disabled for CI."}}
TpTrace Verbose: 0 : 25660, 13, 2023/08/04, 20:48:32.503, 12214559956461, vstest.console.dll, TestRunRequest:SendTestRunMessage: Starting.
TpTrace Verbose: 0 : 25660, 13, 2023/08/04, 20:48:32.503, 12214559957588, vstest.console.dll, MulticastDelegateUtilities.SafeInvoke: TestRun.LogMessages: Invoking callback 1/1 for Microsoft.VisualStudio.TestPlatform.CommandLine.TestRunResultAggregator., took 0 ms.
TpTrace Information: 0 : 25660, 13, 2023/08/04, 20:48:32.503, 12214559958796, vstest.console.dll, TestRunRequest:SendTestRunMessage: Completed.
TpTrace Verbose: 0 : 25660, 4, 2023/08/04, 20:48:32.503, 12214559957903, vstest.console.dll, MulticastDelegateUtilities.SafeInvoke: InternalTestLoggerEvents.SendTestRunMessage: Invoking callback 1/1 for Microsoft.VisualStudio.TestPlatform.CommandLine.Internal.ConsoleLogger., took 0 ms.
TpTrace Verbose: 0 : 25660, 13, 2023/08/04, 20:48:32.503, 12214559959605, vstest.console.dll, MulticastDelegateUtilities.SafeInvoke: LengthPrefixCommunicationChannel: MessageReceived: Invoking callback 1/1 for Microsoft.VisualStudio.TestPlatform.CommunicationUtilities.TestRequestSender+<>c__DisplayClass34_0., took 0 ms.
TpTrace Verbose: 0 : 25660, 13, 2023/08/04, 20:48:32.503, 12214559961878, vstest.console.dll, TcpClientExtensions.MessageLoopAsync: Polling on remoteEndPoint: 127.0.0.1:53405 localEndPoint: 127.0.0.1:53404
TpTrace Verbose: 0 : 25660, 13, 2023/08/04, 20:48:32.542, 12214560346957, vstest.console.dll, TcpClientExtensions.MessageLoopAsync: NotifyDataAvailable remoteEndPoint: 127.0.0.1:53405 localEndPoint: 127.0.0.1:53404
TpTrace Verbose: 0 : 25660, 13, 2023/08/04, 20:48:32.542, 12214560349257, vstest.console.dll, TestRequestSender.OnExecutionMessageReceived: Received message: {"Version":5,"MessageType":"TestSession.Message","Payload":{"MessageLevel":1,"Message":"[xUnit.net 00:00:07.46]     FishingMania.Web.Tests.WebTests.IndexPageShouldReturnStatusCode200WithTitle [SKIP]"}}
TpTrace Verbose: 0 : 25660, 13, 2023/08/04, 20:48:32.542, 12214560352659, vstest.console.dll, TestRunRequest:SendTestRunMessage: Starting.
TpTrace Verbose: 0 : 25660, 13, 2023/08/04, 20:48:32.542, 12214560354533, vstest.console.dll, MulticastDelegateUtilities.SafeInvoke: TestRun.LogMessages: Invoking callback 1/1 for Microsoft.VisualStudio.TestPlatform.CommandLine.TestRunResultAggregator., took 0 ms.
TpTrace Information: 0 : 25660, 13, 2023/08/04, 20:48:32.542, 12214560355453, vstest.console.dll, TestRunRequest:SendTestRunMessage: Completed.
TpTrace Verbose: 0 : 25660, 13, 2023/08/04, 20:48:32.543, 12214560356104, vstest.console.dll, MulticastDelegateUtilities.SafeInvoke: LengthPrefixCommunicationChannel: MessageReceived: Invoking callback 1/1 for Microsoft.VisualStudio.TestPlatform.CommunicationUtilities.TestRequestSender+<>c__DisplayClass34_0., took 0 ms.
TpTrace Verbose: 0 : 25660, 13, 2023/08/04, 20:48:32.543, 12214560356803, vstest.console.dll, TcpClientExtensions.MessageLoopAsync: Polling on remoteEndPoint: 127.0.0.1:53405 localEndPoint: 127.0.0.1:53404
TpTrace Verbose: 0 : 25660, 4, 2023/08/04, 20:48:32.543, 12214560356248, vstest.console.dll, MulticastDelegateUtilities.SafeInvoke: InternalTestLoggerEvents.SendTestRunMessage: Invoking callback 1/1 for Microsoft.VisualStudio.TestPlatform.CommandLine.Internal.ConsoleLogger., took 0 ms.
TpTrace Verbose: 0 : 25660, 13, 2023/08/04, 20:48:32.543, 12214560357839, vstest.console.dll, TcpClientExtensions.MessageLoopAsync: NotifyDataAvailable remoteEndPoint: 127.0.0.1:53405 localEndPoint: 127.0.0.1:53404
TpTrace Verbose: 0 : 25660, 13, 2023/08/04, 20:48:32.543, 12214560360626, vstest.console.dll, TestRequestSender.OnExecutionMessageReceived: Received message: {"Version":5,"MessageType":"TestSession.Message","Payload":{"MessageLevel":0,"Message":"[xUnit.net 00:00:07.46]       Example test. Disabled for CI."}}
TpTrace Verbose: 0 : 25660, 13, 2023/08/04, 20:48:32.543, 12214560362438, vstest.console.dll, TestRunRequest:SendTestRunMessage: Starting.
TpTrace Verbose: 0 : 25660, 13, 2023/08/04, 20:48:32.543, 12214560363233, vstest.console.dll, MulticastDelegateUtilities.SafeInvoke: TestRun.LogMessages: Invoking callback 1/1 for Microsoft.VisualStudio.TestPlatform.CommandLine.TestRunResultAggregator., took 0 ms.
TpTrace Information: 0 : 25660, 13, 2023/08/04, 20:48:32.543, 12214560363779, vstest.console.dll, TestRunRequest:SendTestRunMessage: Completed.
TpTrace Verbose: 0 : 25660, 4, 2023/08/04, 20:48:32.543, 12214560363954, vstest.console.dll, MulticastDelegateUtilities.SafeInvoke: InternalTestLoggerEvents.SendTestRunMessage: Invoking callback 1/1 for Microsoft.VisualStudio.TestPlatform.CommandLine.Internal.ConsoleLogger., took 0 ms.
TpTrace Verbose: 0 : 25660, 13, 2023/08/04, 20:48:32.543, 12214560364165, vstest.console.dll, MulticastDelegateUtilities.SafeInvoke: LengthPrefixCommunicationChannel: MessageReceived: Invoking callback 1/1 for Microsoft.VisualStudio.TestPlatform.CommunicationUtilities.TestRequestSender+<>c__DisplayClass34_0., took 0 ms.
TpTrace Verbose: 0 : 25660, 13, 2023/08/04, 20:48:32.544, 12214560367062, vstest.console.dll, TcpClientExtensions.MessageLoopAsync: Polling on remoteEndPoint: 127.0.0.1:53405 localEndPoint: 127.0.0.1:53404
TpTrace Verbose: 0 : 25660, 13, 2023/08/04, 20:48:32.550, 12214560431740, vstest.console.dll, TcpClientExtensions.MessageLoopAsync: NotifyDataAvailable remoteEndPoint: 127.0.0.1:53405 localEndPoint: 127.0.0.1:53404
TpTrace Verbose: 0 : 25660, 13, 2023/08/04, 20:48:32.550, 12214560433624, vstest.console.dll, TestRequestSender.OnExecutionMessageReceived: Received message: {"Version":5,"MessageType":"TestSession.Message","Payload":{"MessageLevel":1,"Message":"[xUnit.net 00:00:07.47]     FishingMania.Web.Tests.SeleniumTests.FooterOfThePageContainsPrivacyLink [SKIP]"}}
TpTrace Verbose: 0 : 25660, 13, 2023/08/04, 20:48:32.550, 12214560435212, vstest.console.dll, TestRunRequest:SendTestRunMessage: Starting.
TpTrace Verbose: 0 : 25660, 13, 2023/08/04, 20:48:32.551, 12214560436341, vstest.console.dll, MulticastDelegateUtilities.SafeInvoke: TestRun.LogMessages: Invoking callback 1/1 for Microsoft.VisualStudio.TestPlatform.CommandLine.TestRunResultAggregator., took 0 ms.
TpTrace Information: 0 : 25660, 13, 2023/08/04, 20:48:32.551, 12214560437135, vstest.console.dll, TestRunRequest:SendTestRunMessage: Completed.
TpTrace Verbose: 0 : 25660, 13, 2023/08/04, 20:48:32.551, 12214560437784, vstest.console.dll, MulticastDelegateUtilities.SafeInvoke: LengthPrefixCommunicationChannel: MessageReceived: Invoking callback 1/1 for Microsoft.VisualStudio.TestPlatform.CommunicationUtilities.TestRequestSender+<>c__DisplayClass34_0., took 0 ms.
TpTrace Verbose: 0 : 25660, 4, 2023/08/04, 20:48:32.551, 12214560437822, vstest.console.dll, MulticastDelegateUtilities.SafeInvoke: InternalTestLoggerEvents.SendTestRunMessage: Invoking callback 1/1 for Microsoft.VisualStudio.TestPlatform.CommandLine.Internal.ConsoleLogger., took 0 ms.
TpTrace Verbose: 0 : 25660, 13, 2023/08/04, 20:48:32.551, 12214560438551, vstest.console.dll, TcpClientExtensions.MessageLoopAsync: Polling on remoteEndPoint: 127.0.0.1:53405 localEndPoint: 127.0.0.1:53404
TpTrace Verbose: 0 : 25660, 13, 2023/08/04, 20:48:32.551, 12214560441210, vstest.console.dll, TcpClientExtensions.MessageLoopAsync: NotifyDataAvailable remoteEndPoint: 127.0.0.1:53405 localEndPoint: 127.0.0.1:53404
TpTrace Verbose: 0 : 25660, 13, 2023/08/04, 20:48:32.551, 12214560443457, vstest.console.dll, TestRequestSender.OnExecutionMessageReceived: Received message: {"Version":5,"MessageType":"TestSession.Message","Payload":{"MessageLevel":0,"Message":"[xUnit.net 00:00:07.47]       Example test. Disabled for CI."}}
TpTrace Verbose: 0 : 25660, 13, 2023/08/04, 20:48:32.551, 12214560444735, vstest.console.dll, TestRunRequest:SendTestRunMessage: Starting.
TpTrace Verbose: 0 : 25660, 13, 2023/08/04, 20:48:32.551, 12214560445651, vstest.console.dll, MulticastDelegateUtilities.SafeInvoke: TestRun.LogMessages: Invoking callback 1/1 for Microsoft.VisualStudio.TestPlatform.CommandLine.TestRunResultAggregator., took 0 ms.
TpTrace Verbose: 0 : 25660, 4, 2023/08/04, 20:48:32.552, 12214560446013, vstest.console.dll, MulticastDelegateUtilities.SafeInvoke: InternalTestLoggerEvents.SendTestRunMessage: Invoking callback 1/1 for Microsoft.VisualStudio.TestPlatform.CommandLine.Internal.ConsoleLogger., took 0 ms.
TpTrace Information: 0 : 25660, 13, 2023/08/04, 20:48:32.552, 12214560446849, vstest.console.dll, TestRunRequest:SendTestRunMessage: Completed.
TpTrace Verbose: 0 : 25660, 13, 2023/08/04, 20:48:32.552, 12214560449281, vstest.console.dll, MulticastDelegateUtilities.SafeInvoke: LengthPrefixCommunicationChannel: MessageReceived: Invoking callback 1/1 for Microsoft.VisualStudio.TestPlatform.CommunicationUtilities.TestRequestSender+<>c__DisplayClass34_0., took 0 ms.
TpTrace Verbose: 0 : 25660, 13, 2023/08/04, 20:48:32.552, 12214560450310, vstest.console.dll, TcpClientExtensions.MessageLoopAsync: Polling on remoteEndPoint: 127.0.0.1:53405 localEndPoint: 127.0.0.1:53404
TpTrace Verbose: 0 : 25660, 13, 2023/08/04, 20:48:32.554, 12214560473163, vstest.console.dll, TcpClientExtensions.MessageLoopAsync: NotifyDataAvailable remoteEndPoint: 127.0.0.1:53405 localEndPoint: 127.0.0.1:53404
TpTrace Verbose: 0 : 25660, 13, 2023/08/04, 20:48:32.554, 12214560474657, vstest.console.dll, TestRequestSender.OnExecutionMessageReceived: Received message: {"Version":5,"MessageType":"TestSession.Message","Payload":{"MessageLevel":0,"Message":"[xUnit.net 00:00:07.47]   Finished:    FishingMania.Web.Tests"}}
TpTrace Verbose: 0 : 25660, 13, 2023/08/04, 20:48:32.555, 12214560476297, vstest.console.dll, TestRunRequest:SendTestRunMessage: Starting.
TpTrace Verbose: 0 : 25660, 13, 2023/08/04, 20:48:32.555, 12214560477811, vstest.console.dll, MulticastDelegateUtilities.SafeInvoke: TestRun.LogMessages: Invoking callback 1/1 for Microsoft.VisualStudio.TestPlatform.CommandLine.TestRunResultAggregator., took 0 ms.
TpTrace Information: 0 : 25660, 13, 2023/08/04, 20:48:32.555, 12214560478918, vstest.console.dll, TestRunRequest:SendTestRunMessage: Completed.
TpTrace Verbose: 0 : 25660, 4, 2023/08/04, 20:48:32.555, 12214560478501, vstest.console.dll, MulticastDelegateUtilities.SafeInvoke: InternalTestLoggerEvents.SendTestRunMessage: Invoking callback 1/1 for Microsoft.VisualStudio.TestPlatform.CommandLine.Internal.ConsoleLogger., took 0 ms.
TpTrace Verbose: 0 : 25660, 13, 2023/08/04, 20:48:32.555, 12214560479954, vstest.console.dll, MulticastDelegateUtilities.SafeInvoke: LengthPrefixCommunicationChannel: MessageReceived: Invoking callback 1/1 for Microsoft.VisualStudio.TestPlatform.CommunicationUtilities.TestRequestSender+<>c__DisplayClass34_0., took 0 ms.
TpTrace Verbose: 0 : 25660, 13, 2023/08/04, 20:48:32.555, 12214560482425, vstest.console.dll, TcpClientExtensions.MessageLoopAsync: Polling on remoteEndPoint: 127.0.0.1:53405 localEndPoint: 127.0.0.1:53404
TpTrace Verbose: 0 : 25660, 13, 2023/08/04, 20:48:32.592, 12214560852868, vstest.console.dll, TcpClientExtensions.MessageLoopAsync: NotifyDataAvailable remoteEndPoint: 127.0.0.1:53405 localEndPoint: 127.0.0.1:53404
TpTrace Verbose: 0 : 25660, 13, 2023/08/04, 20:48:32.593, 12214560856519, vstest.console.dll, TestRequestSender.OnExecutionMessageReceived: Received message: {"Version":5,"MessageType":"TestExecution.Completed","Payload":{"TestRunCompleteArgs":{"TestRunStatistics":{"ExecutedTests":3,"Stats":{"Skipped":3}},"IsCanceled":false,"IsAborted":false,"Error":null,"AttachmentSets":[],"ElapsedTimeInRunningTests":"00:00:07.4959306","Metrics":{}},"LastRunTests":{"NewTestResults":[{"TestCase":{"Id":"1273f71e-359e-196b-456b-b6b1c0762860","FullyQualifiedName":"FishingMania.Web.Tests.WebTests.AccountManagePageRequiresAuthorization","DisplayName":"FishingMania.Web.Tests.WebTests.AccountManagePageRequiresAuthorization","ExecutorUri":"executor://xunit/VsTestRunner2/netcoreapp","Source":"C:\\Users\\danie\\source\\repos\\FishingMania\\Tests\\FishingMania.Web.Tests\\bin\\Debug\\net6.0\\fine-code-coverage\\build-output\\FishingMania.Web.Tests.dll","CodeFilePath":null,"LineNumber":0,"Properties":[]},"Attachments":[],"Outcome":3,"ErrorMessage":null,"ErrorStackTrace":null,"DisplayName":"FishingMania.Web.Tests.WebTests.AccountManagePageRequiresAuthorization","Messages":[{"Category":"StdOutMsgs","Text":"Example test. Disabled for CI."}],"ComputerName":"NADAN4OLAPTOPA","Duration":"00:00:00.0010000","StartTime":"2023-08-04T17:48:32.5036535+00:00","EndTime":"2023-08-04T17:48:32.5037096+00:00","Properties":[]},{"TestCase":{"Id":"8f81f17a-948b-fbe5-91d2-28da07feb066","FullyQualifiedName":"FishingMania.Web.Tests.WebTests.IndexPageShouldReturnStatusCode200WithTitle","DisplayName":"FishingMania.Web.Tests.WebTests.IndexPageShouldReturnStatusCode200WithTitle","ExecutorUri":"executor://xunit/VsTestRunner2/netcoreapp","Source":"C:\\Users\\danie\\source\\repos\\FishingMania\\Tests\\FishingMania.Web.Tests\\bin\\Debug\\net6.0\\fine-code-coverage\\build-output\\FishingMania.Web.Tests.dll","CodeFilePath":null,"LineNumber":0,"Properties":[]},"Attachments":[],"Outcome":3,"ErrorMessage":null,"ErrorStackTrace":null,"DisplayName":"FishingMania.Web.Tests.WebTests.IndexPageShouldReturnStatusCode200WithTitle","Messages":[{"Category":"StdOutMsgs","Text":"Example test. Disabled for CI."}],"ComputerName":"NADAN4OLAPTOPA","Duration":"00:00:00.0010000","StartTime":"2023-08-04T17:48:32.5427024+00:00","EndTime":"2023-08-04T17:48:32.5427026+00:00","Properties":[]},{"TestCase":{"Id":"15976d17-ba4c-a80d-749f-d2f2e85128dc","FullyQualifiedName":"FishingMania.Web.Tests.SeleniumTests.FooterOfThePageContainsPrivacyLink","DisplayName":"FishingMania.Web.Tests.SeleniumTests.FooterOfThePageContainsPrivacyLink","ExecutorUri":"executor://xunit/VsTestRunner2/netcoreapp","Source":"C:\\Users\\danie\\source\\repos\\FishingMania\\Tests\\FishingMania.Web.Tests\\bin\\Debug\\net6.0\\fine-code-coverage\\build-output\\FishingMania.Web.Tests.dll","CodeFilePath":null,"LineNumber":0,"Properties":[]},"Attachments":[],"Outcome":3,"ErrorMessage":null,"ErrorStackTrace":null,"DisplayName":"FishingMania.Web.Tests.SeleniumTests.FooterOfThePageContainsPrivacyLink","Messages":[{"Category":"StdOutMsgs","Text":"Example test. Disabled for CI."}],"ComputerName":"NADAN4OLAPTOPA","Duration":"00:00:00.0010000","StartTime":"2023-08-04T17:48:32.5508798+00:00","EndTime":"2023-08-04T17:48:32.55088+00:00","Properties":[]}],"TestRunStatistics":{"ExecutedTests":3,"Stats":{"Skipped":3}},"ActiveTests":[]},"RunAttachments":[],"ExecutorUris":["executor://xunit/VsTestRunner2/netcoreapp"]}}
TpTrace Verbose: 0 : 25660, 13, 2023/08/04, 20:48:32.593, 12214560858883, vstest.console.dll, TestRequestSender.EndSession: Sending end session.
TpTrace Verbose: 0 : 25660, 13, 2023/08/04, 20:48:32.593, 12214560862162, vstest.console.dll, ProxyOperationManager.Close: waiting for test host to exit for 100 ms
TpTrace Warning: 0 : 25660, 12, 2023/08/04, 20:48:32.615, 12214561081058, vstest.console.dll, TestHostManagerCallbacks.ErrorReceivedCallback Test host standard error line: 
TpTrace Verbose: 0 : 25660, 12, 2023/08/04, 20:48:32.655, 12214561476405, vstest.console.dll, TestHostProvider.ExitCallBack: Host exited starting callback.
TpTrace Information: 0 : 25660, 12, 2023/08/04, 20:48:32.655, 12214561479505, vstest.console.dll, TestHostManagerCallbacks.ExitCallBack: Testhost processId: 24780 exited with exitcode: 0 error: ''
TpTrace Verbose: 0 : 25660, 12, 2023/08/04, 20:48:32.655, 12214561480448, vstest.console.dll, DotnetTestHostManager.OnHostExited: invoking OnHostExited callback
TpTrace Verbose: 0 : 25660, 12, 2023/08/04, 20:48:32.655, 12214561481400, vstest.console.dll, CrossPlatEngine.TestHostManagerHostExited: calling on client process exit callback.
TpTrace Information: 0 : 25660, 12, 2023/08/04, 20:48:32.655, 12214561482561, vstest.console.dll, TestRequestSender.OnClientProcessExit: Test host process exited. Standard error: 
TpTrace Information: 0 : 25660, 12, 2023/08/04, 20:48:32.655, 12214561483462, vstest.console.dll, SocketServer.Stop: Stop server endPoint: 127.0.0.1:53404
TpTrace Information: 0 : 25660, 13, 2023/08/04, 20:48:32.655, 12214561483945, vstest.console.dll, SocketServer.Stop: Stop server endPoint: 127.0.0.1:53404
TpTrace Information: 0 : 25660, 13, 2023/08/04, 20:48:32.655, 12214561485155, vstest.console.dll, SocketServer.Stop: Cancellation requested. Stopping message loop.
TpTrace Information: 0 : 25660, 12, 2023/08/04, 20:48:32.655, 12214561484096, vstest.console.dll, SocketServer.Stop: Cancellation requested. Stopping message loop.
TpTrace Information: 0 : 25660, 13, 2023/08/04, 20:48:32.656, 12214561487102, vstest.console.dll, Closing the connection
TpTrace Verbose: 0 : 25660, 12, 2023/08/04, 20:48:32.656, 12214561487162, vstest.console.dll, MulticastDelegateUtilities.SafeInvoke: HostProviderEvents.OnHostExited: Invoking callback 1/1 for Microsoft.VisualStudio.TestPlatform.CrossPlatEngine.Client.ProxyOperationManager., took 0 ms.
TpTrace Verbose: 0 : 25660, 13, 2023/08/04, 20:48:32.656, 12214561491643, vstest.console.dll, ProxyDataCollectionManager.InvokeDataCollectionServiceAction: Starting.
TpTrace Information: 0 : 25660, 13, 2023/08/04, 20:48:32.656, 12214561492561, vstest.console.dll, ProxyDataCollectionManager.AfterTestRunEnd: Get attachment set and invoked data collectors processId: 34516 port: 53401
TpTrace Verbose: 0 : 25660, 13, 2023/08/04, 20:48:32.656, 12214561493333, vstest.console.dll, DataCollectionRequestSender.SendAfterTestRunStartAndGetResult: Send AfterTestRunEnd message with isCancelled: False
TpTrace Verbose: 0 : 25660, 13, 2023/08/04, 20:48:32.668, 12214561613377, vstest.console.dll, DataCollectionRequestSender.SendAfterTestRunStartAndGetResult: Received message: (DataCollection.AfterTestRunEndResult) -> {"MessageType":"DataCollection.AfterTestRunEndResult","Payload":{"AttachmentSets":[],"InvokedDataCollectors":[{"Uri":"datacollector://Microsoft/TestPlatform/Extensions/Blame/v1","FriendlyName":"Blame","AssemblyQualifiedName":"Microsoft.TestPlatform.Extensions.BlameDataCollector.BlameCollector, Microsoft.TestPlatform.Extensions.BlameDataCollector, Version=15.0.0.0, Culture=neutral, PublicKeyToken=b03f5f7f11d50a3a","FilePath":"C:\\Program Files\\dotnet\\sdk\\7.0.304\\Extensions\\Microsoft.TestPlatform.Extensions.BlameDataCollector.dll","HasAttachmentProcessor":false}],"Metrics":{}}}
TpTrace Warning: 0 : 25660, 11, 2023/08/04, 20:48:32.678, 12214561708492, vstest.console.dll, DataCollectionLauncher.ErrorReceivedCallback datacollector standard error line: 
TpTrace Information: 0 : 25660, 13, 2023/08/04, 20:48:32.678, 12214561710234, vstest.console.dll, ProxyDataCollectionManager.InvokeDataCollectionServiceAction: Completed.
TpTrace Information: 0 : 25660, 11, 2023/08/04, 20:48:32.685, 12214561779513, vstest.console.dll, DataCollectionLauncher.ExitCallBack: Data collector exited with exitcode: 0 error: ''
TpTrace Verbose: 0 : 25660, 13, 2023/08/04, 20:48:32.746, 12214562395206, vstest.console.dll, TestRunRequest:SendTestRunStatsChange: Starting.
TpTrace Verbose: 0 : 25660, 13, 2023/08/04, 20:48:32.747, 12214562399542, vstest.console.dll, MulticastDelegateUtilities.SafeInvoke: TestRun.RunStatsChanged: Invoking callbacks was skipped because there are no subscribers.
TpTrace Information: 0 : 25660, 13, 2023/08/04, 20:48:32.747, 12214562400441, vstest.console.dll, TestRunRequest:SendTestRunStatsChange: Completed.
TpTrace Verbose: 0 : 25660, 13, 2023/08/04, 20:48:32.748, 12214562410036, vstest.console.dll, ParallelProxyExecutionManager: HandlePartialRunComplete: Total completed clients = 1, Run complete = True, Run canceled: False.
TpTrace Verbose: 0 : 25660, 4, 2023/08/04, 20:48:32.750, 12214562429171, vstest.console.dll, MulticastDelegateUtilities.SafeInvoke: InternalTestLoggerEvents.SendTestResult: Invoking callback 1/1 for Microsoft.VisualStudio.TestPlatform.CommandLine.Internal.ConsoleLogger., took 2 ms.
TpTrace Verbose: 0 : 25660, 4, 2023/08/04, 20:48:32.750, 12214562434301, vstest.console.dll, MulticastDelegateUtilities.SafeInvoke: InternalTestLoggerEvents.SendTestResult: Invoking callback 1/1 for Microsoft.VisualStudio.TestPlatform.CommandLine.Internal.ConsoleLogger., took 0 ms.
TpTrace Verbose: 0 : 25660, 4, 2023/08/04, 20:48:32.751, 12214562436226, vstest.console.dll, MulticastDelegateUtilities.SafeInvoke: InternalTestLoggerEvents.SendTestResult: Invoking callback 1/1 for Microsoft.VisualStudio.TestPlatform.CommandLine.Internal.ConsoleLogger., took 0 ms.
TpTrace Verbose: 0 : 25660, 4, 2023/08/04, 20:48:32.767, 12214562596828, vstest.console.dll, MulticastDelegateUtilities.SafeInvoke: InternalTestLoggerEvents.SendTestRunComplete: Invoking callback 1/2 for Microsoft.TestPlatform.Extensions.BlameDataCollector.BlameLogger., took 0 ms.
TpTrace Verbose: 0 : 25660, 4, 2023/08/04, 20:48:32.775, 12214562681416, vstest.console.dll, MulticastDelegateUtilities.SafeInvoke: InternalTestLoggerEvents.SendTestRunComplete: Invoking callback 2/2 for Microsoft.VisualStudio.TestPlatform.CommandLine.Internal.ConsoleLogger., took 8 ms.
TpTrace Verbose: 0 : 25660, 13, 2023/08/04, 20:48:32.776, 12214562689613, vstest.console.dll, TestRunRequest:TestRunComplete: Starting. IsAborted:False IsCanceled:False.
TpTrace Verbose: 0 : 25660, 13, 2023/08/04, 20:48:32.778, 12214562711364, vstest.console.dll, TestLoggerManager.HandleTestRunComplete: Ignoring as the object is disposed.
TpTrace Verbose: 0 : 25660, 13, 2023/08/04, 20:48:32.778, 12214562714290, vstest.console.dll, MulticastDelegateUtilities.SafeInvoke: TestRun.TestRunComplete: Invoking callback 1/2 for Microsoft.VisualStudio.TestPlatform.CommandLine.TestRunResultAggregator., took 0 ms.
TpTrace Verbose: 0 : 25660, 13, 2023/08/04, 20:48:32.779, 12214562716652, vstest.console.dll, MulticastDelegateUtilities.SafeInvoke: TestRun.TestRunComplete: Invoking callback 2/2 for Microsoft.VisualStudio.TestPlatform.CommandLine.Processors.RunTestsArgumentExecutor+TestRunRequestEventsRegistrar., took 0 ms.
TpTrace Information: 0 : 25660, 13, 2023/08/04, 20:48:32.779, 12214562718356, vstest.console.dll, TestRunRequest:TestRunComplete: Completed.
TpTrace Verbose: 0 : 25660, 1, 2023/08/04, 20:48:32.779, 12214562719255, vstest.console.dll, TestRunRequest.Dispose: Starting.
TpTrace Verbose: 0 : 25660, 13, 2023/08/04, 20:48:32.779, 12214562719427, vstest.console.dll, TestRequestSender.SetOperationComplete: Setting operation complete.
TpTrace Information: 0 : 25660, 1, 2023/08/04, 20:48:32.779, 12214562720459, vstest.console.dll, TestRunRequest.Dispose: Completed.
TpTrace Information: 0 : 25660, 13, 2023/08/04, 20:48:32.779, 12214562721177, vstest.console.dll, SocketServer.Stop: Stop server endPoint: 127.0.0.1:53404
TpTrace Information: 0 : 25660, 13, 2023/08/04, 20:48:32.779, 12214562723085, vstest.console.dll, SocketServer.Stop: Cancellation requested. Stopping message loop.
TpTrace Information: 0 : 25660, 1, 2023/08/04, 20:48:32.779, 12214562722409, vstest.console.dll, TestRequestManager.RunTests: run tests completed.
TpTrace Verbose: 0 : 25660, 13, 2023/08/04, 20:48:32.779, 12214562723921, vstest.console.dll, MulticastDelegateUtilities.SafeInvoke: LengthPrefixCommunicationChannel: MessageReceived: Invoking callback 1/1 for Microsoft.VisualStudio.TestPlatform.CommunicationUtilities.TestRequestSender+<>c__DisplayClass34_0., took 186 ms.
TpTrace Information: 0 : 25660, 13, 2023/08/04, 20:48:32.780, 12214562725828, vstest.console.dll, SocketServer.PrivateStop: Stopping server endPoint: 127.0.0.1:53404 error: 
TpTrace Information: 0 : 25660, 1, 2023/08/04, 20:48:32.780, 12214562726482, vstest.console.dll, RunTestsArgumentProcessor:Execute: Test run is completed.
TpTrace Verbose: 0 : 25660, 1, 2023/08/04, 20:48:32.780, 12214562730121, vstest.console.dll, Executor.Execute: Exiting with exit code of 0
TpTrace Verbose: 0 : 25660, 13, 2023/08/04, 20:48:32.780, 12214562735507, vstest.console.dll, LengthPrefixCommunicationChannel.Dispose: Dispose reader and writer.
TpTrace Information: 0 : 25660, 13, 2023/08/04, 20:48:32.781, 12214562737101, vstest.console.dll, SocketServer.Stop: Raise disconnected event endPoint: 127.0.0.1:53404 error: 
TpTrace Verbose: 0 : 25660, 13, 2023/08/04, 20:48:32.781, 12214562739731, vstest.console.dll, TestRequestSender: OnTestRunAbort: Operation is already complete. Skip error message.
